Using pre-set license
Built from '2021.3/staging' branch; Version is '2021.3.8f1 (b30333d56e81) revision 11731763'; Using compiler version '192829333'; Build Type 'Release'
OS: 'Windows 11  (10.0.22000) 64bit Core' Language: 'en' Physical Memory: 16205 MB
BatchMode: 1, IsHumanControllingUs: 0, StartBugReporterOnCrash: 0, Is64bit: 1, IsPro: 1

COMMAND LINE ARGUMENTS:
C:\Program Files\Unity\Hub\Editor\2021.3.8f1\Editor\Unity.exe
-adb2
-batchMode
-noUpm
-name
AssetImportWorker0
-projectPath
C:/Users/maste/OneDrive/Pictures/GameJam-Projects/Duck/Public_Duck/GruppB_Repository/GruppB/DuckTransportURP/BathTime
-logFile
Logs/AssetImportWorker0.log
-srvPort
49234
Successfully changed project path to: C:/Users/maste/OneDrive/Pictures/GameJam-Projects/Duck/Public_Duck/GruppB_Repository/GruppB/DuckTransportURP/BathTime
C:/Users/maste/OneDrive/Pictures/GameJam-Projects/Duck/Public_Duck/GruppB_Repository/GruppB/DuckTransportURP/BathTime
[UnityMemory] Configuration Parameters - Can be set up in boot.config
    "memorysetup-bucket-allocator-granularity=16"
    "memorysetup-bucket-allocator-bucket-count=8"
    "memorysetup-bucket-allocator-block-size=33554432"
    "memorysetup-bucket-allocator-block-count=8"
    "memorysetup-main-allocator-block-size=16777216"
    "memorysetup-thread-allocator-block-size=16777216"
    "memorysetup-gfx-main-allocator-block-size=16777216"
    "memorysetup-gfx-thread-allocator-block-size=16777216"
    "memorysetup-cache-allocator-block-size=4194304"
    "memorysetup-typetree-allocator-block-size=2097152"
    "memorysetup-profiler-bucket-allocator-granularity=16"
    "memorysetup-profiler-bucket-allocator-bucket-count=8"
    "memorysetup-profiler-bucket-allocator-block-size=33554432"
    "memorysetup-profiler-bucket-allocator-block-count=8"
    "memorysetup-profiler-allocator-block-size=16777216"
    "memorysetup-profiler-editor-allocator-block-size=1048576"
    "memorysetup-temp-allocator-size-main=16777216"
    "memorysetup-job-temp-allocator-block-size=2097152"
    "memorysetup-job-temp-allocator-block-size-background=1048576"
    "memorysetup-job-temp-allocator-reduction-small-platforms=262144"
    "memorysetup-temp-allocator-size-background-worker=32768"
    "memorysetup-temp-allocator-size-job-worker=262144"
    "memorysetup-temp-allocator-size-preload-manager=33554432"
    "memorysetup-temp-allocator-size-nav-mesh-worker=65536"
    "memorysetup-temp-allocator-size-audio-worker=65536"
    "memorysetup-temp-allocator-size-cloud-worker=32768"
    "memorysetup-temp-allocator-size-gi-baking-worker=262144"
    "memorysetup-temp-allocator-size-gfx=262144"
Refreshing native plugins compatible for Editor in 117.75 ms, found 4 plugins.
Preloading 0 native plugins for Editor in 0.00 ms.
Initialize engine version: 2021.3.8f1 (b30333d56e81)
[Subsystems] Discovering subsystems at path C:/Program Files/Unity/Hub/Editor/2021.3.8f1/Editor/Data/Resources/UnitySubsystems
[Subsystems] Discovering subsystems at path C:/Users/maste/OneDrive/Pictures/GameJam-Projects/Duck/Public_Duck/GruppB_Repository/GruppB/DuckTransportURP/BathTime/Assets
GfxDevice: creating device client; threaded=0; jobified=0
Direct3D:
    Version:  Direct3D 11.0 [level 11.1]
    Renderer: NVIDIA GeForce RTX 3060 Laptop GPU (ID=0x2520)
    Vendor:   NVIDIA
    VRAM:     6023 MB
    Driver:   31.0.15.1694
Initialize mono
Mono path[0] = 'C:/Program Files/Unity/Hub/Editor/2021.3.8f1/Editor/Data/Managed'
Mono path[1] = 'C:/Program Files/Unity/Hub/Editor/2021.3.8f1/Editor/Data/MonoBleedingEdge/lib/mono/unityjit-win32'
Mono config path = 'C:/Program Files/Unity/Hub/Editor/2021.3.8f1/Editor/Data/MonoBleedingEdge/etc'
Using monoOptions --debugger-agent=transport=dt_socket,embedding=1,server=y,suspend=n,address=127.0.0.1:56444
Begin MonoManager ReloadAssembly
Registering precompiled unity dll's ...
Register platform support module: C:/Program Files/Unity/Hub/Editor/2021.3.8f1/Editor/Data/PlaybackEngines/WebGLSupport/UnityEditor.WebGL.Extensions.dll
Register platform support module: C:/Program Files/Unity/Hub/Editor/2021.3.8f1/Editor/Data/PlaybackEngines/AndroidPlayer/UnityEditor.Android.Extensions.dll
Register platform support module: C:/Program Files/Unity/Hub/Editor/2021.3.8f1/Editor/Data/PlaybackEngines/WindowsStandaloneSupport/UnityEditor.WindowsStandalone.Extensions.dll
Registered in 0.006047 seconds.
Native extension for WindowsStandalone target not found
Native extension for Android target not found
Native extension for WebGL target not found
Refreshing native plugins compatible for Editor in 121.26 ms, found 4 plugins.
Preloading 0 native plugins for Editor in 0.00 ms.
Mono: successfully reloaded assembly
- Completed reload, in  0.666 seconds
Domain Reload Profiling:
	ReloadAssembly (666ms)
		BeginReloadAssembly (68ms)
			ExecutionOrderSort (0ms)
			DisableScriptedObjects (0ms)
			BackupInstance (0ms)
			ReleaseScriptingObjects (0ms)
			CreateAndSetChildDomain (1ms)
		EndReloadAssembly (490ms)
			LoadAssemblies (66ms)
			RebuildTransferFunctionScriptingTraits (0ms)
			SetupTypeCache (106ms)
			ReleaseScriptCaches (0ms)
			RebuildScriptCaches (26ms)
			SetupLoadedEditorAssemblies (311ms)
				LogAssemblyErrors (0ms)
				InitializePlatformSupportModulesInManaged (56ms)
				SetLoadedEditorAssemblies (0ms)
				RefreshPlugins (121ms)
				BeforeProcessingInitializeOnLoad (1ms)
				ProcessInitializeOnLoadAttributes (92ms)
				ProcessInitializeOnLoadMethodAttributes (41ms)
				AfterProcessingInitializeOnLoad (0ms)
				EditorAssembliesLoaded (0ms)
			ExecutionOrderSort2 (0ms)
			AwakeInstancesAfterBackupRestoration (0ms)
Platform modules already initialized, skipping
Registering precompiled user dll's ...
Registered in 0.007482 seconds.
Begin MonoManager ReloadAssembly
Symbol file LoadedFromMemory doesn't match image C:\Users\maste\OneDrive\Pictures\GameJam-Projects\Duck\Public_Duck\GruppB_Repository\GruppB\DuckTransportURP\BathTime\Library\PackageCache\com.unity.visualscripting@1.7.8\Editor\VisualScripting.Core\Dependencies\YamlDotNet\Unity.VisualScripting.YamlDotNet.dll
Symbol file LoadedFromMemory doesn't match image C:\Users\maste\OneDrive\Pictures\GameJam-Projects\Duck\Public_Duck\GruppB_Repository\GruppB\DuckTransportURP\BathTime\Library\PackageCache\com.unity.visualscripting@1.7.8\Editor\VisualScripting.Core\Dependencies\DotNetZip\Unity.VisualScripting.IonicZip.dll
Native extension for WindowsStandalone target not found
Native extension for Android target not found
Native extension for WebGL target not found
Refreshing native plugins compatible for Editor in 133.31 ms, found 4 plugins.
Preloading 0 native plugins for Editor in 0.00 ms.
Mono: successfully reloaded assembly
- Completed reload, in  1.898 seconds
Domain Reload Profiling:
	ReloadAssembly (1898ms)
		BeginReloadAssembly (218ms)
			ExecutionOrderSort (0ms)
			DisableScriptedObjects (6ms)
			BackupInstance (0ms)
			ReleaseScriptingObjects (0ms)
			CreateAndSetChildDomain (131ms)
		EndReloadAssembly (1555ms)
			LoadAssemblies (88ms)
			RebuildTransferFunctionScriptingTraits (0ms)
			SetupTypeCache (330ms)
			ReleaseScriptCaches (1ms)
			RebuildScriptCaches (77ms)
			SetupLoadedEditorAssemblies (1014ms)
				LogAssemblyErrors (0ms)
				InitializePlatformSupportModulesInManaged (14ms)
				SetLoadedEditorAssemblies (0ms)
				RefreshPlugins (133ms)
				BeforeProcessingInitializeOnLoad (128ms)
				ProcessInitializeOnLoadAttributes (685ms)
				ProcessInitializeOnLoadMethodAttributes (47ms)
				AfterProcessingInitializeOnLoad (6ms)
				EditorAssembliesLoaded (0ms)
			ExecutionOrderSort2 (0ms)
			AwakeInstancesAfterBackupRestoration (5ms)
Platform modules already initialized, skipping
========================================================================
Worker process is ready to serve import requests
Launched and connected shader compiler UnityShaderCompiler.exe after 0.04 seconds
Refreshing native plugins compatible for Editor in 1.06 ms, found 4 plugins.
Preloading 0 native plugins for Editor in 0.00 ms.
Unloading 6280 Unused Serialized files (Serialized files now loaded: 0)
Unloading 238 unused Assets / (2.3 MB). Loaded Objects now: 6705.
Memory consumption went from 256.9 MB to 254.6 MB.
Total: 5.258600 ms (FindLiveObjects: 0.592900 ms CreateObjectMapping: 0.640000 ms MarkObjects: 3.258000 ms  DeleteObjects: 0.766700 ms)

AssetImportParameters requested are different than current active one (requested -> active):
  custom:video-decoder-ogg-theora: a1e56fd34408186e4bbccfd4996cb3dc -> 
  custom:container-muxer-webm: aa71ff27fc2769a1b78a27578f13a17b -> 
  custom:container-demuxer-webm: 4f35f7cbe854078d1ac9338744f61a02 -> 
  custom:video-encoder-webm-vp8: eb34c28f22e8b96e1ab97ce403110664 -> 
  custom:audio-encoder-webm-vorbis: bf7c407c2cedff20999df2af8eb42d56 -> 
  custom:framework-win-MediaFoundation: 216162199b28c13a410421893ffa2e32 -> 
  custom:container-demuxer-ogg: 62fdf1f143b41e24485cea50d1cbac27 -> 
  custom:video-decoder-webm-vp8: 9c59270c3fd7afecdb556c50c9e8de78 -> 
  custom:audio-decoder-ogg-vorbis: bf7c407c2cedff20999df2af8eb42d56 -> 
========================================================================
Received Import Request.
  Time since last request: 105245.121303 seconds.
  path: Assets/Model/Hats/TopHat
  artifactKey: Guid(c809eb19a31089d44986bbf05fa0f33c) Importer(815301076,1909f56bfc062723c751e8b465ee728b)
Start importing Assets/Model/Hats/TopHat using Guid(c809eb19a31089d44986bbf05fa0f33c) Importer(815301076,1909f56bfc062723c751e8b465ee728b)  -> (artifact id: 'd23038e1845a49099294a92fd8b2e6ff') in 0.018420 seconds 
========================================================================
Received Import Request.
  Time since last request: 7.109878 seconds.
  path: Assets/Model/Hats/Propeller
  artifactKey: Guid(28872257c2968554aab1d255d5e4e2cf) Importer(815301076,1909f56bfc062723c751e8b465ee728b)
Start importing Assets/Model/Hats/Propeller using Guid(28872257c2968554aab1d255d5e4e2cf) Importer(815301076,1909f56bfc062723c751e8b465ee728b)  -> (artifact id: '416725663eec4dd527f6dd583eb1f49a') in 0.005307 seconds 
========================================================================
Received Import Request.
  Time since last request: 5.278671 seconds.
  path: Assets/Model/Hats/Dive
  artifactKey: Guid(a0a9f82f3292f9e4aaf3e328f1dba800) Importer(815301076,1909f56bfc062723c751e8b465ee728b)
Start importing Assets/Model/Hats/Dive using Guid(a0a9f82f3292f9e4aaf3e328f1dba800) Importer(815301076,1909f56bfc062723c751e8b465ee728b)  -> (artifact id: '5788db0611fa94cddaa3cecc04002c44') in 0.005849 seconds 
========================================================================
Received Import Request.
  Time since last request: 4.549993 seconds.
  path: Assets/Model/Hats/Bow
  artifactKey: Guid(b4b07bea64c3a3e489c8b14daf714e7e) Importer(815301076,1909f56bfc062723c751e8b465ee728b)
Start importing Assets/Model/Hats/Bow using Guid(b4b07bea64c3a3e489c8b14daf714e7e) Importer(815301076,1909f56bfc062723c751e8b465ee728b)  -> (artifact id: '730dbd6e7c0e4faac8607ebc2a1fe706') in 0.005314 seconds 
========================================================================
Received Import Request.
  Time since last request: 637.028750 seconds.
  path: Assets/Model/Hats/TopHat/Tophat_LP.fbx
  artifactKey: Guid(e446539b65688de4f91375fb41decbe1) Importer(815301076,1909f56bfc062723c751e8b465ee728b)
Start importing Assets/Model/Hats/TopHat/Tophat_LP.fbx using Guid(e446539b65688de4f91375fb41decbe1) Importer(815301076,1909f56bfc062723c751e8b465ee728b)  -> (artifact id: 'ebdcec602ce19c770133c186acff8707') in 0.289113 seconds 
========================================================================
Received Import Request.
  Time since last request: 30.628350 seconds.
  path: Assets/Model/Hats/Dive/DiveHat_LP.fbx
  artifactKey: Guid(5600b7bd582e0694ab4e8aa69d47f6f0) Importer(815301076,1909f56bfc062723c751e8b465ee728b)
Start importing Assets/Model/Hats/Dive/DiveHat_LP.fbx using Guid(5600b7bd582e0694ab4e8aa69d47f6f0) Importer(815301076,1909f56bfc062723c751e8b465ee728b)  -> (artifact id: 'b6a36ce1f9d53867d1bdc97d4debb68e') in 0.039487 seconds 
========================================================================
Received Import Request.
  Time since last request: 64.183054 seconds.
  path: Assets/Model/Hats/Dive/URP
  artifactKey: Guid(1c6a6e815d90e0148b5b4d6cc8062a14) Importer(815301076,1909f56bfc062723c751e8b465ee728b)
Start importing Assets/Model/Hats/Dive/URP using Guid(1c6a6e815d90e0148b5b4d6cc8062a14) Importer(815301076,1909f56bfc062723c751e8b465ee728b)  -> (artifact id: 'f49b5856f41926157ee8c5d029aa29a2') in 0.005808 seconds 
========================================================================
Received Import Request.
  Time since last request: 0.040471 seconds.
  path: Assets/Model/Hats/Dive/URP/DiveHat_LP_lambert1_AlbedoTransparency.png
  artifactKey: Guid(195ae878f303caf4285b0a0de8cb6808) Importer(815301076,1909f56bfc062723c751e8b465ee728b)
Start importing Assets/Model/Hats/Dive/URP/DiveHat_LP_lambert1_AlbedoTransparency.png using Guid(195ae878f303caf4285b0a0de8cb6808) Importer(815301076,1909f56bfc062723c751e8b465ee728b)  -> (artifact id: '1f31aa11b3bac13a8a946ce9a3091892') in 0.027488 seconds 
========================================================================
Received Import Request.
  Time since last request: 0.000054 seconds.
  path: Assets/Model/Hats/Dive/URP/DiveHat_LP_lambert1_SpecularSmoothness.png
  artifactKey: Guid(ee917c0ff5dbab64bb68dd92715704f5) Importer(815301076,1909f56bfc062723c751e8b465ee728b)
Start importing Assets/Model/Hats/Dive/URP/DiveHat_LP_lambert1_SpecularSmoothness.png using Guid(ee917c0ff5dbab64bb68dd92715704f5) Importer(815301076,1909f56bfc062723c751e8b465ee728b)  -> (artifact id: '009da23b1bfc4c6f352a773af719178a') in 0.025456 seconds 
========================================================================
Received Prepare
Registering precompiled user dll's ...
Registered in 0.007910 seconds.
Begin MonoManager ReloadAssembly
Symbol file LoadedFromMemory doesn't match image C:\Users\maste\OneDrive\Pictures\GameJam-Projects\Duck\Public_Duck\GruppB_Repository\GruppB\DuckTransportURP\BathTime\Library\PackageCache\com.unity.visualscripting@1.7.8\Editor\VisualScripting.Core\Dependencies\YamlDotNet\Unity.VisualScripting.YamlDotNet.dll
Symbol file LoadedFromMemory doesn't match image C:\Users\maste\OneDrive\Pictures\GameJam-Projects\Duck\Public_Duck\GruppB_Repository\GruppB\DuckTransportURP\BathTime\Library\PackageCache\com.unity.visualscripting@1.7.8\Editor\VisualScripting.Core\Dependencies\DotNetZip\Unity.VisualScripting.IonicZip.dll
Native extension for WindowsStandalone target not found
Native extension for Android target not found
Native extension for WebGL target not found
Refreshing native plugins compatible for Editor in 1.42 ms, found 4 plugins.
Preloading 0 native plugins for Editor in 0.00 ms.
Warning: Annotation not found!
UnityEngine.StackTraceUtility:ExtractStackTrace ()
UnityEditor.ProBuilder.EditorUtility:SetGizmoIconEnabled (System.Type,bool) (at Library/PackageCache/com.unity.probuilder@5.0.3/Editor/EditorCore/EditorUtility.cs:575)
UnityEditor.ProBuilder.HierarchyListener:.cctor () (at Library/PackageCache/com.unity.probuilder@5.0.3/Editor/EditorCore/HierarchyListener.cs:21)
System.Runtime.CompilerServices.RuntimeHelpers:RunClassConstructor (System.RuntimeTypeHandle)
UnityEditor.EditorAssemblies:ProcessInitializeOnLoadAttributes (System.Type[])

[Library/PackageCache/com.unity.probuilder@5.0.3/Editor/EditorCore/EditorUtility.cs line 575]

Mono: successfully reloaded assembly
- Completed reload, in  1.624 seconds
Domain Reload Profiling:
	ReloadAssembly (1625ms)
		BeginReloadAssembly (160ms)
			ExecutionOrderSort (0ms)
			DisableScriptedObjects (9ms)
			BackupInstance (0ms)
			ReleaseScriptingObjects (0ms)
			CreateAndSetChildDomain (53ms)
		EndReloadAssembly (1351ms)
			LoadAssemblies (92ms)
			RebuildTransferFunctionScriptingTraits (0ms)
			SetupTypeCache (361ms)
			ReleaseScriptCaches (3ms)
			RebuildScriptCaches (74ms)
			SetupLoadedEditorAssemblies (697ms)
				LogAssemblyErrors (0ms)
				InitializePlatformSupportModulesInManaged (30ms)
				SetLoadedEditorAssemblies (1ms)
				RefreshPlugins (2ms)
				BeforeProcessingInitializeOnLoad (122ms)
				ProcessInitializeOnLoadAttributes (446ms)
				ProcessInitializeOnLoadMethodAttributes (88ms)
				AfterProcessingInitializeOnLoad (7ms)
				EditorAssembliesLoaded (0ms)
			ExecutionOrderSort2 (0ms)
			AwakeInstancesAfterBackupRestoration (25ms)
Platform modules already initialized, skipping
Refreshing native plugins compatible for Editor in 3.11 ms, found 4 plugins.
Preloading 0 native plugins for Editor in 0.00 ms.
Unloading 6060 Unused Serialized files (Serialized files now loaded: 0)
Unloading 45 unused Assets / (2.2 MB). Loaded Objects now: 6817.
Memory consumption went from 246.1 MB to 243.8 MB.
Total: 5.424100 ms (FindLiveObjects: 0.542400 ms CreateObjectMapping: 0.515500 ms MarkObjects: 3.724200 ms  DeleteObjects: 0.640700 ms)

AssetImportParameters requested are different than current active one (requested -> active):
  custom:video-decoder-ogg-theora: a1e56fd34408186e4bbccfd4996cb3dc -> 
  custom:container-muxer-webm: aa71ff27fc2769a1b78a27578f13a17b -> 
  custom:container-demuxer-webm: 4f35f7cbe854078d1ac9338744f61a02 -> 
  custom:video-encoder-webm-vp8: eb34c28f22e8b96e1ab97ce403110664 -> 
  custom:audio-encoder-webm-vorbis: bf7c407c2cedff20999df2af8eb42d56 -> 
  custom:framework-win-MediaFoundation: 216162199b28c13a410421893ffa2e32 -> 
  custom:container-demuxer-ogg: 62fdf1f143b41e24485cea50d1cbac27 -> 
  custom:video-decoder-webm-vp8: 9c59270c3fd7afecdb556c50c9e8de78 -> 
  custom:audio-decoder-ogg-vorbis: bf7c407c2cedff20999df2af8eb42d56 -> 
========================================================================
Received Import Request.
  Time since last request: 391.296763 seconds.
  path: Assets/Model/Hats/Dive/URP/Dive.mat
  artifactKey: Guid(2de7cd6cb1a5c3545917fa7429eddfc0) Importer(815301076,1909f56bfc062723c751e8b465ee728b)
Start importing Assets/Model/Hats/Dive/URP/Dive.mat using Guid(2de7cd6cb1a5c3545917fa7429eddfc0) Importer(815301076,1909f56bfc062723c751e8b465ee728b)  -> (artifact id: 'c1e4bbf31d7c5bbe06292613f55dbcb3') in 0.189850 seconds 
========================================================================
Received Import Request.
  Time since last request: 9.854942 seconds.
  path: Assets/Model/Hats/Dive/URP/DiveHat_LP_lambert1_Normal.png
  artifactKey: Guid(744e431fab694ae4d88db411776c4394) Importer(815301076,1909f56bfc062723c751e8b465ee728b)
Start importing Assets/Model/Hats/Dive/URP/DiveHat_LP_lambert1_Normal.png using Guid(744e431fab694ae4d88db411776c4394) Importer(815301076,1909f56bfc062723c751e8b465ee728b)  -> (artifact id: '7282e95ae5481833f88963205d454b2e') in 0.026110 seconds 
========================================================================
Received Prepare
Registering precompiled user dll's ...
Registered in 0.008003 seconds.
Begin MonoManager ReloadAssembly
Symbol file LoadedFromMemory doesn't match image C:\Users\maste\OneDrive\Pictures\GameJam-Projects\Duck\Public_Duck\GruppB_Repository\GruppB\DuckTransportURP\BathTime\Library\PackageCache\com.unity.visualscripting@1.7.8\Editor\VisualScripting.Core\Dependencies\YamlDotNet\Unity.VisualScripting.YamlDotNet.dll
Symbol file LoadedFromMemory doesn't match image C:\Users\maste\OneDrive\Pictures\GameJam-Projects\Duck\Public_Duck\GruppB_Repository\GruppB\DuckTransportURP\BathTime\Library\PackageCache\com.unity.visualscripting@1.7.8\Editor\VisualScripting.Core\Dependencies\DotNetZip\Unity.VisualScripting.IonicZip.dll
Native extension for WindowsStandalone target not found
Native extension for Android target not found
Native extension for WebGL target not found
Refreshing native plugins compatible for Editor in 1.53 ms, found 4 plugins.
Preloading 0 native plugins for Editor in 0.00 ms.
Warning: Annotation not found!
UnityEngine.StackTraceUtility:ExtractStackTrace ()
UnityEditor.ProBuilder.EditorUtility:SetGizmoIconEnabled (System.Type,bool) (at Library/PackageCache/com.unity.probuilder@5.0.3/Editor/EditorCore/EditorUtility.cs:575)
UnityEditor.ProBuilder.HierarchyListener:.cctor () (at Library/PackageCache/com.unity.probuilder@5.0.3/Editor/EditorCore/HierarchyListener.cs:21)
System.Runtime.CompilerServices.RuntimeHelpers:RunClassConstructor (System.RuntimeTypeHandle)
UnityEditor.EditorAssemblies:ProcessInitializeOnLoadAttributes (System.Type[])

[Library/PackageCache/com.unity.probuilder@5.0.3/Editor/EditorCore/EditorUtility.cs line 575]

Mono: successfully reloaded assembly
- Completed reload, in  1.589 seconds
Domain Reload Profiling:
	ReloadAssembly (1590ms)
		BeginReloadAssembly (169ms)
			ExecutionOrderSort (0ms)
			DisableScriptedObjects (12ms)
			BackupInstance (0ms)
			ReleaseScriptingObjects (0ms)
			CreateAndSetChildDomain (54ms)
		EndReloadAssembly (1309ms)
			LoadAssemblies (93ms)
			RebuildTransferFunctionScriptingTraits (0ms)
			SetupTypeCache (372ms)
			ReleaseScriptCaches (3ms)
			RebuildScriptCaches (71ms)
			SetupLoadedEditorAssemblies (666ms)
				LogAssemblyErrors (0ms)
				InitializePlatformSupportModulesInManaged (24ms)
				SetLoadedEditorAssemblies (1ms)
				RefreshPlugins (2ms)
				BeforeProcessingInitializeOnLoad (106ms)
				ProcessInitializeOnLoadAttributes (434ms)
				ProcessInitializeOnLoadMethodAttributes (93ms)
				AfterProcessingInitializeOnLoad (7ms)
				EditorAssembliesLoaded (0ms)
			ExecutionOrderSort2 (0ms)
			AwakeInstancesAfterBackupRestoration (27ms)
Platform modules already initialized, skipping
Refreshing native plugins compatible for Editor in 3.94 ms, found 4 plugins.
Preloading 0 native plugins for Editor in 0.00 ms.
Unloading 6060 Unused Serialized files (Serialized files now loaded: 0)
Unloading 45 unused Assets / (2.2 MB). Loaded Objects now: 6876.
Memory consumption went from 246.2 MB to 243.9 MB.
Total: 7.522200 ms (FindLiveObjects: 0.931200 ms CreateObjectMapping: 0.669800 ms MarkObjects: 5.256000 ms  DeleteObjects: 0.663700 ms)

AssetImportParameters requested are different than current active one (requested -> active):
  custom:video-decoder-ogg-theora: a1e56fd34408186e4bbccfd4996cb3dc -> 
  custom:container-muxer-webm: aa71ff27fc2769a1b78a27578f13a17b -> 
  custom:container-demuxer-webm: 4f35f7cbe854078d1ac9338744f61a02 -> 
  custom:video-encoder-webm-vp8: eb34c28f22e8b96e1ab97ce403110664 -> 
  custom:audio-encoder-webm-vorbis: bf7c407c2cedff20999df2af8eb42d56 -> 
  custom:framework-win-MediaFoundation: 216162199b28c13a410421893ffa2e32 -> 
  custom:container-demuxer-ogg: 62fdf1f143b41e24485cea50d1cbac27 -> 
  custom:video-decoder-webm-vp8: 9c59270c3fd7afecdb556c50c9e8de78 -> 
  custom:audio-decoder-ogg-vorbis: bf7c407c2cedff20999df2af8eb42d56 -> 
========================================================================
Received Import Request.
  Time since last request: 145.922651 seconds.
  path: Assets/Model/Hats/TopHat/1024
  artifactKey: Guid(28177ec1ffcde9d4299800b6a983e296) Importer(815301076,1909f56bfc062723c751e8b465ee728b)
Start importing Assets/Model/Hats/TopHat/1024 using Guid(28177ec1ffcde9d4299800b6a983e296) Importer(815301076,1909f56bfc062723c751e8b465ee728b)  -> (artifact id: 'a8d431bbb0629f1a2f62a8cb07923b4e') in 0.017357 seconds 
========================================================================
Received Import Request.
  Time since last request: 0.033901 seconds.
  path: Assets/Model/Hats/TopHat/1024/Tophat_LP_lambert1_AlbedoTransparency.png
  artifactKey: Guid(acc4c2f596b4ed04091ee26d6dbc6618) Importer(815301076,1909f56bfc062723c751e8b465ee728b)
Start importing Assets/Model/Hats/TopHat/1024/Tophat_LP_lambert1_AlbedoTransparency.png using Guid(acc4c2f596b4ed04091ee26d6dbc6618) Importer(815301076,1909f56bfc062723c751e8b465ee728b)  -> (artifact id: '4d3bafcb2fa3740431ba7b61d4480cdb') in 0.034324 seconds 
========================================================================
Received Import Request.
  Time since last request: 0.000023 seconds.
  path: Assets/Model/Hats/TopHat/1024/Tophat_LP_lambert1_SpecularSmoothness.png
  artifactKey: Guid(b67a38803bb67354dab898afc0f8f870) Importer(815301076,1909f56bfc062723c751e8b465ee728b)
Start importing Assets/Model/Hats/TopHat/1024/Tophat_LP_lambert1_SpecularSmoothness.png using Guid(b67a38803bb67354dab898afc0f8f870) Importer(815301076,1909f56bfc062723c751e8b465ee728b)  -> (artifact id: '462767fe60b9f0dcc6615156b7c1085f') in 0.013897 seconds 
========================================================================
Received Import Request.
  Time since last request: 4.943187 seconds.
  path: Assets/Model/Hats/TopHat/1024/Tophat_LP_lambert1_Normal.png
  artifactKey: Guid(8d44689d2687c964992ca795a5c0509c) Importer(815301076,1909f56bfc062723c751e8b465ee728b)
Start importing Assets/Model/Hats/TopHat/1024/Tophat_LP_lambert1_Normal.png using Guid(8d44689d2687c964992ca795a5c0509c) Importer(815301076,1909f56bfc062723c751e8b465ee728b)  -> (artifact id: '2f3ee9ef9bab1b87bd0bfe08503e8d68') in 0.015205 seconds 
========================================================================
Received Import Request.
  Time since last request: 38.981678 seconds.
  path: Assets/Model/Hats/TopHat/1024/Hat.mat
  artifactKey: Guid(9eb57cd5aa531a34f814fc5f7a74ab9b) Importer(815301076,1909f56bfc062723c751e8b465ee728b)
Start importing Assets/Model/Hats/TopHat/1024/Hat.mat using Guid(9eb57cd5aa531a34f814fc5f7a74ab9b) Importer(815301076,1909f56bfc062723c751e8b465ee728b)  -> (artifact id: 'a5ecb102a980010b4e385f4f560af6d3') in 0.165360 seconds 
========================================================================
Received Prepare
Registering precompiled user dll's ...
Registered in 0.009396 seconds.
Begin MonoManager ReloadAssembly
Symbol file LoadedFromMemory doesn't match image C:\Users\maste\OneDrive\Pictures\GameJam-Projects\Duck\Public_Duck\GruppB_Repository\GruppB\DuckTransportURP\BathTime\Library\PackageCache\com.unity.visualscripting@1.7.8\Editor\VisualScripting.Core\Dependencies\YamlDotNet\Unity.VisualScripting.YamlDotNet.dll
Symbol file LoadedFromMemory doesn't match image C:\Users\maste\OneDrive\Pictures\GameJam-Projects\Duck\Public_Duck\GruppB_Repository\GruppB\DuckTransportURP\BathTime\Library\PackageCache\com.unity.visualscripting@1.7.8\Editor\VisualScripting.Core\Dependencies\DotNetZip\Unity.VisualScripting.IonicZip.dll
Native extension for WindowsStandalone target not found
Native extension for Android target not found
Native extension for WebGL target not found
Refreshing native plugins compatible for Editor in 1.11 ms, found 4 plugins.
Preloading 0 native plugins for Editor in 0.00 ms.
Warning: Annotation not found!
UnityEngine.StackTraceUtility:ExtractStackTrace ()
UnityEditor.ProBuilder.EditorUtility:SetGizmoIconEnabled (System.Type,bool) (at Library/PackageCache/com.unity.probuilder@5.0.3/Editor/EditorCore/EditorUtility.cs:575)
UnityEditor.ProBuilder.HierarchyListener:.cctor () (at Library/PackageCache/com.unity.probuilder@5.0.3/Editor/EditorCore/HierarchyListener.cs:21)
System.Runtime.CompilerServices.RuntimeHelpers:RunClassConstructor (System.RuntimeTypeHandle)
UnityEditor.EditorAssemblies:ProcessInitializeOnLoadAttributes (System.Type[])

[Library/PackageCache/com.unity.probuilder@5.0.3/Editor/EditorCore/EditorUtility.cs line 575]

Mono: successfully reloaded assembly
- Completed reload, in  1.624 seconds
Domain Reload Profiling:
	ReloadAssembly (1625ms)
		BeginReloadAssembly (157ms)
			ExecutionOrderSort (0ms)
			DisableScriptedObjects (7ms)
			BackupInstance (0ms)
			ReleaseScriptingObjects (0ms)
			CreateAndSetChildDomain (53ms)
		EndReloadAssembly (1368ms)
			LoadAssemblies (98ms)
			RebuildTransferFunctionScriptingTraits (0ms)
			SetupTypeCache (398ms)
			ReleaseScriptCaches (3ms)
			RebuildScriptCaches (71ms)
			SetupLoadedEditorAssemblies (679ms)
				LogAssemblyErrors (0ms)
				InitializePlatformSupportModulesInManaged (26ms)
				SetLoadedEditorAssemblies (1ms)
				RefreshPlugins (1ms)
				BeforeProcessingInitializeOnLoad (126ms)
				ProcessInitializeOnLoadAttributes (433ms)
				ProcessInitializeOnLoadMethodAttributes (85ms)
				AfterProcessingInitializeOnLoad (8ms)
				EditorAssembliesLoaded (0ms)
			ExecutionOrderSort2 (0ms)
			AwakeInstancesAfterBackupRestoration (32ms)
Platform modules already initialized, skipping
Refreshing native plugins compatible for Editor in 3.03 ms, found 4 plugins.
Preloading 0 native plugins for Editor in 0.00 ms.
Unloading 6060 Unused Serialized files (Serialized files now loaded: 0)
Unloading 45 unused Assets / (2.2 MB). Loaded Objects now: 6933.
Memory consumption went from 246.2 MB to 244.0 MB.
Total: 5.774400 ms (FindLiveObjects: 0.579400 ms CreateObjectMapping: 0.810800 ms MarkObjects: 3.415500 ms  DeleteObjects: 0.967500 ms)

AssetImportParameters requested are different than current active one (requested -> active):
  custom:video-decoder-ogg-theora: a1e56fd34408186e4bbccfd4996cb3dc -> 
  custom:container-muxer-webm: aa71ff27fc2769a1b78a27578f13a17b -> 
  custom:container-demuxer-webm: 4f35f7cbe854078d1ac9338744f61a02 -> 
  custom:video-encoder-webm-vp8: eb34c28f22e8b96e1ab97ce403110664 -> 
  custom:audio-encoder-webm-vorbis: bf7c407c2cedff20999df2af8eb42d56 -> 
  custom:framework-win-MediaFoundation: 216162199b28c13a410421893ffa2e32 -> 
  custom:container-demuxer-ogg: 62fdf1f143b41e24485cea50d1cbac27 -> 
  custom:video-decoder-webm-vp8: 9c59270c3fd7afecdb556c50c9e8de78 -> 
  custom:audio-decoder-ogg-vorbis: bf7c407c2cedff20999df2af8eb42d56 -> 
========================================================================
Received Import Request.
  Time since last request: 107.173092 seconds.
  path: Assets/Model/Hats/Bow/Bow_LP.fbx
  artifactKey: Guid(47a77048d1f6d0146b81d10d3f923b3c) Importer(815301076,1909f56bfc062723c751e8b465ee728b)
Start importing Assets/Model/Hats/Bow/Bow_LP.fbx using Guid(47a77048d1f6d0146b81d10d3f923b3c) Importer(815301076,1909f56bfc062723c751e8b465ee728b)  -> (artifact id: 'fd5dbb4f52202cde8ab2e546213e9a05') in 0.220857 seconds 
========================================================================
Received Import Request.
  Time since last request: 187.133216 seconds.
  path: Assets/Model/Hats/Bow/URP
  artifactKey: Guid(93ae6321b18a59046ac2787d05053ad9) Importer(815301076,1909f56bfc062723c751e8b465ee728b)
Start importing Assets/Model/Hats/Bow/URP using Guid(93ae6321b18a59046ac2787d05053ad9) Importer(815301076,1909f56bfc062723c751e8b465ee728b)  -> (artifact id: '952ca93a996c953aad9879ae3b504f8b') in 0.001955 seconds 
========================================================================
Received Import Request.
  Time since last request: 0.060354 seconds.
  path: Assets/Model/Hats/Bow/URP/Bow_LP_lambert1_AlbedoTransparency.png
  artifactKey: Guid(f2727ec7f9d51624bbfebc98b7640e35) Importer(815301076,1909f56bfc062723c751e8b465ee728b)
Start importing Assets/Model/Hats/Bow/URP/Bow_LP_lambert1_AlbedoTransparency.png using Guid(f2727ec7f9d51624bbfebc98b7640e35) Importer(815301076,1909f56bfc062723c751e8b465ee728b)  -> (artifact id: '23a6d88c35d7b8d6412436aa5e3fba9e') in 0.026294 seconds 
========================================================================
Received Import Request.
  Time since last request: 0.000098 seconds.
  path: Assets/Model/Hats/Bow/URP/Bow_LP_lambert1_SpecularSmoothness.png
  artifactKey: Guid(3ff1bbaeccaa9fd4fad62ece6be17277) Importer(815301076,1909f56bfc062723c751e8b465ee728b)
Start importing Assets/Model/Hats/Bow/URP/Bow_LP_lambert1_SpecularSmoothness.png using Guid(3ff1bbaeccaa9fd4fad62ece6be17277) Importer(815301076,1909f56bfc062723c751e8b465ee728b)  -> (artifact id: '5e66e6081a8b8261117350418e91c751') in 0.021318 seconds 
========================================================================
Received Import Request.
  Time since last request: 3.649561 seconds.
  path: Assets/Model/Hats/Bow/URP/Bow_LP_lambert1_Normal.png
  artifactKey: Guid(1fd27e5727c8f7e4f8162d708dbb38c7) Importer(815301076,1909f56bfc062723c751e8b465ee728b)
Start importing Assets/Model/Hats/Bow/URP/Bow_LP_lambert1_Normal.png using Guid(1fd27e5727c8f7e4f8162d708dbb38c7) Importer(815301076,1909f56bfc062723c751e8b465ee728b)  -> (artifact id: '4f57dc1158bd868d3ee686de82df5df6') in 0.015948 seconds 
========================================================================
Received Import Request.
  Time since last request: 12.344873 seconds.
  path: Assets/Model/Hats/Bow/URP/Bow.mat
  artifactKey: Guid(7f1d3c8e1b28d0b438e10f0a6427c07d) Importer(815301076,1909f56bfc062723c751e8b465ee728b)
Start importing Assets/Model/Hats/Bow/URP/Bow.mat using Guid(7f1d3c8e1b28d0b438e10f0a6427c07d) Importer(815301076,1909f56bfc062723c751e8b465ee728b)  -> (artifact id: '4cb4a7c646b1bd847241158fa89f9889') in 0.012498 seconds 
========================================================================
Received Import Request.
  Time since last request: 41.110782 seconds.
  path: Assets/Model/Hats/Bow/URP/Bow.mat
  artifactKey: Guid(7f1d3c8e1b28d0b438e10f0a6427c07d) Importer(815301076,1909f56bfc062723c751e8b465ee728b)
Start importing Assets/Model/Hats/Bow/URP/Bow.mat using Guid(7f1d3c8e1b28d0b438e10f0a6427c07d) Importer(815301076,1909f56bfc062723c751e8b465ee728b)  -> (artifact id: '51945550845ef4e0efc056b9820f5dfd') in 0.017383 seconds 
========================================================================
Received Prepare
Registering precompiled user dll's ...
Registered in 0.009103 seconds.
Begin MonoManager ReloadAssembly
Symbol file LoadedFromMemory doesn't match image C:\Users\maste\OneDrive\Pictures\GameJam-Projects\Duck\Public_Duck\GruppB_Repository\GruppB\DuckTransportURP\BathTime\Library\PackageCache\com.unity.visualscripting@1.7.8\Editor\VisualScripting.Core\Dependencies\YamlDotNet\Unity.VisualScripting.YamlDotNet.dll
Symbol file LoadedFromMemory doesn't match image C:\Users\maste\OneDrive\Pictures\GameJam-Projects\Duck\Public_Duck\GruppB_Repository\GruppB\DuckTransportURP\BathTime\Library\PackageCache\com.unity.visualscripting@1.7.8\Editor\VisualScripting.Core\Dependencies\DotNetZip\Unity.VisualScripting.IonicZip.dll
Native extension for WindowsStandalone target not found
Native extension for Android target not found
Native extension for WebGL target not found
Refreshing native plugins compatible for Editor in 2.87 ms, found 4 plugins.
Preloading 0 native plugins for Editor in 0.00 ms.
Warning: Annotation not found!
UnityEngine.StackTraceUtility:ExtractStackTrace ()
UnityEditor.ProBuilder.EditorUtility:SetGizmoIconEnabled (System.Type,bool) (at Library/PackageCache/com.unity.probuilder@5.0.3/Editor/EditorCore/EditorUtility.cs:575)
UnityEditor.ProBuilder.HierarchyListener:.cctor () (at Library/PackageCache/com.unity.probuilder@5.0.3/Editor/EditorCore/HierarchyListener.cs:21)
System.Runtime.CompilerServices.RuntimeHelpers:RunClassConstructor (System.RuntimeTypeHandle)
UnityEditor.EditorAssemblies:ProcessInitializeOnLoadAttributes (System.Type[])

[Library/PackageCache/com.unity.probuilder@5.0.3/Editor/EditorCore/EditorUtility.cs line 575]

Mono: successfully reloaded assembly
- Completed reload, in  1.597 seconds
Domain Reload Profiling:
	ReloadAssembly (1598ms)
		BeginReloadAssembly (154ms)
			ExecutionOrderSort (0ms)
			DisableScriptedObjects (8ms)
			BackupInstance (0ms)
			ReleaseScriptingObjects (0ms)
			CreateAndSetChildDomain (46ms)
		EndReloadAssembly (1344ms)
			LoadAssemblies (89ms)
			RebuildTransferFunctionScriptingTraits (0ms)
			SetupTypeCache (340ms)
			ReleaseScriptCaches (3ms)
			RebuildScriptCaches (78ms)
			SetupLoadedEditorAssemblies (707ms)
				LogAssemblyErrors (0ms)
				InitializePlatformSupportModulesInManaged (26ms)
				SetLoadedEditorAssemblies (1ms)
				RefreshPlugins (3ms)
				BeforeProcessingInitializeOnLoad (121ms)
				ProcessInitializeOnLoadAttributes (460ms)
				ProcessInitializeOnLoadMethodAttributes (89ms)
				AfterProcessingInitializeOnLoad (7ms)
				EditorAssembliesLoaded (0ms)
			ExecutionOrderSort2 (0ms)
			AwakeInstancesAfterBackupRestoration (35ms)
Platform modules already initialized, skipping
Refreshing native plugins compatible for Editor in 3.89 ms, found 4 plugins.
Preloading 0 native plugins for Editor in 0.00 ms.
Unloading 6060 Unused Serialized files (Serialized files now loaded: 0)
Unloading 45 unused Assets / (2.2 MB). Loaded Objects now: 6990.
Memory consumption went from 246.3 MB to 244.1 MB.
Total: 5.984000 ms (FindLiveObjects: 0.477500 ms CreateObjectMapping: 0.491000 ms MarkObjects: 4.382300 ms  DeleteObjects: 0.631800 ms)

AssetImportParameters requested are different than current active one (requested -> active):
  custom:video-decoder-ogg-theora: a1e56fd34408186e4bbccfd4996cb3dc -> 
  custom:container-muxer-webm: aa71ff27fc2769a1b78a27578f13a17b -> 
  custom:container-demuxer-webm: 4f35f7cbe854078d1ac9338744f61a02 -> 
  custom:video-encoder-webm-vp8: eb34c28f22e8b96e1ab97ce403110664 -> 
  custom:audio-encoder-webm-vorbis: bf7c407c2cedff20999df2af8eb42d56 -> 
  custom:framework-win-MediaFoundation: 216162199b28c13a410421893ffa2e32 -> 
  custom:container-demuxer-ogg: 62fdf1f143b41e24485cea50d1cbac27 -> 
  custom:video-decoder-webm-vp8: 9c59270c3fd7afecdb556c50c9e8de78 -> 
  custom:audio-decoder-ogg-vorbis: bf7c407c2cedff20999df2af8eb42d56 -> 
========================================================================
Received Import Request.
  Time since last request: 166.898183 seconds.
  path: Assets/Model/Hats/Propeller/PropellerHat_LP.fbx
  artifactKey: Guid(0fdf06286827f4747b856aaa9a8f840c) Importer(815301076,1909f56bfc062723c751e8b465ee728b)
Start importing Assets/Model/Hats/Propeller/PropellerHat_LP.fbx using Guid(0fdf06286827f4747b856aaa9a8f840c) Importer(815301076,1909f56bfc062723c751e8b465ee728b)  -> (artifact id: '330f4621d4c2670ed68f07732708cf1f') in 0.247231 seconds 
========================================================================
Received Import Request.
  Time since last request: 69.368214 seconds.
  path: Assets/Model/Hats/Propeller/URP
  artifactKey: Guid(60d813b0ae26f354286577e9efe9d9e9) Importer(815301076,1909f56bfc062723c751e8b465ee728b)
Start importing Assets/Model/Hats/Propeller/URP using Guid(60d813b0ae26f354286577e9efe9d9e9) Importer(815301076,1909f56bfc062723c751e8b465ee728b)  -> (artifact id: '4313f9e81b4b8125ee8ed684f2887f75') in 0.003435 seconds 
========================================================================
Received Import Request.
  Time since last request: 0.644347 seconds.
  path: Assets/Model/Hats/Propeller/URP/1024
  artifactKey: Guid(0bf0054659d483f4197e79cdd914a03a) Importer(815301076,1909f56bfc062723c751e8b465ee728b)
Start importing Assets/Model/Hats/Propeller/URP/1024 using Guid(0bf0054659d483f4197e79cdd914a03a) Importer(815301076,1909f56bfc062723c751e8b465ee728b)  -> (artifact id: 'cabc4d0702714de712471da5b58812e8') in 0.002018 seconds 
========================================================================
Received Import Request.
  Time since last request: 0.037546 seconds.
  path: Assets/Model/Hats/Propeller/URP/1024/PropellerHat_LP_Hat_AlbedoTransparency.png
  artifactKey: Guid(7fa8dc6930030e8478527a88ffa6a977) Importer(815301076,1909f56bfc062723c751e8b465ee728b)
Start importing Assets/Model/Hats/Propeller/URP/1024/PropellerHat_LP_Hat_AlbedoTransparency.png using Guid(7fa8dc6930030e8478527a88ffa6a977) Importer(815301076,1909f56bfc062723c751e8b465ee728b)  -> (artifact id: '48f725d105d57d17939f5dca0b70da3b') in 0.020435 seconds 
========================================================================
Received Import Request.
  Time since last request: 0.000033 seconds.
  path: Assets/Model/Hats/Propeller/URP/1024/PropellerHat_LP_Hat_SpecularSmoothness.png
  artifactKey: Guid(8d98cb27e7e12574998ad7e78799a741) Importer(815301076,1909f56bfc062723c751e8b465ee728b)
Start importing Assets/Model/Hats/Propeller/URP/1024/PropellerHat_LP_Hat_SpecularSmoothness.png using Guid(8d98cb27e7e12574998ad7e78799a741) Importer(815301076,1909f56bfc062723c751e8b465ee728b)  -> (artifact id: 'a9c72eaa5748a1e639e04409faa65f80') in 0.018370 seconds 
========================================================================
Received Import Request.
  Time since last request: 4.918927 seconds.
  path: Assets/Model/Hats/Propeller/URP/1024/PropellerHat_LP_Hat_Normal.png
  artifactKey: Guid(703ef3a454f34ee4f8178b7ec94e0445) Importer(815301076,1909f56bfc062723c751e8b465ee728b)
Start importing Assets/Model/Hats/Propeller/URP/1024/PropellerHat_LP_Hat_Normal.png using Guid(703ef3a454f34ee4f8178b7ec94e0445) Importer(815301076,1909f56bfc062723c751e8b465ee728b)  -> (artifact id: '0f663ef76137e2d21da8acaae21c7ed7') in 0.019282 seconds 
========================================================================
Received Import Request.
  Time since last request: 8.637951 seconds.
  path: Assets/Model/Hats/Propeller/URP/1024/PropHat.mat
  artifactKey: Guid(453fb8c95138de44e84d9d2d4bce5db0) Importer(815301076,1909f56bfc062723c751e8b465ee728b)
Start importing Assets/Model/Hats/Propeller/URP/1024/PropHat.mat using Guid(453fb8c95138de44e84d9d2d4bce5db0) Importer(815301076,1909f56bfc062723c751e8b465ee728b)  -> (artifact id: '7d7c3522dcbf9c5aa1fce0cf3794d524') in 0.046844 seconds 
========================================================================
Received Prepare
Registering precompiled user dll's ...
Registered in 0.007689 seconds.
Begin MonoManager ReloadAssembly
Symbol file LoadedFromMemory doesn't match image C:\Users\maste\OneDrive\Pictures\GameJam-Projects\Duck\Public_Duck\GruppB_Repository\GruppB\DuckTransportURP\BathTime\Library\PackageCache\com.unity.visualscripting@1.7.8\Editor\VisualScripting.Core\Dependencies\YamlDotNet\Unity.VisualScripting.YamlDotNet.dll
Symbol file LoadedFromMemory doesn't match image C:\Users\maste\OneDrive\Pictures\GameJam-Projects\Duck\Public_Duck\GruppB_Repository\GruppB\DuckTransportURP\BathTime\Library\PackageCache\com.unity.visualscripting@1.7.8\Editor\VisualScripting.Core\Dependencies\DotNetZip\Unity.VisualScripting.IonicZip.dll
Native extension for WindowsStandalone target not found
Native extension for Android target not found
Native extension for WebGL target not found
Refreshing native plugins compatible for Editor in 1.27 ms, found 4 plugins.
Preloading 0 native plugins for Editor in 0.00 ms.
Warning: Annotation not found!
UnityEngine.StackTraceUtility:ExtractStackTrace ()
UnityEditor.ProBuilder.EditorUtility:SetGizmoIconEnabled (System.Type,bool) (at Library/PackageCache/com.unity.probuilder@5.0.3/Editor/EditorCore/EditorUtility.cs:575)
UnityEditor.ProBuilder.HierarchyListener:.cctor () (at Library/PackageCache/com.unity.probuilder@5.0.3/Editor/EditorCore/HierarchyListener.cs:21)
System.Runtime.CompilerServices.RuntimeHelpers:RunClassConstructor (System.RuntimeTypeHandle)
UnityEditor.EditorAssemblies:ProcessInitializeOnLoadAttributes (System.Type[])

[Library/PackageCache/com.unity.probuilder@5.0.3/Editor/EditorCore/EditorUtility.cs line 575]

Mono: successfully reloaded assembly
- Completed reload, in  1.589 seconds
Domain Reload Profiling:
	ReloadAssembly (1590ms)
		BeginReloadAssembly (164ms)
			ExecutionOrderSort (0ms)
			DisableScriptedObjects (9ms)
			BackupInstance (0ms)
			ReleaseScriptingObjects (0ms)
			CreateAndSetChildDomain (51ms)
		EndReloadAssembly (1321ms)
			LoadAssemblies (106ms)
			RebuildTransferFunctionScriptingTraits (0ms)
			SetupTypeCache (345ms)
			ReleaseScriptCaches (3ms)
			RebuildScriptCaches (73ms)
			SetupLoadedEditorAssemblies (680ms)
				LogAssemblyErrors (0ms)
				InitializePlatformSupportModulesInManaged (27ms)
				SetLoadedEditorAssemblies (1ms)
				RefreshPlugins (1ms)
				BeforeProcessingInitializeOnLoad (118ms)
				ProcessInitializeOnLoadAttributes (427ms)
				ProcessInitializeOnLoadMethodAttributes (96ms)
				AfterProcessingInitializeOnLoad (10ms)
				EditorAssembliesLoaded (0ms)
			ExecutionOrderSort2 (0ms)
			AwakeInstancesAfterBackupRestoration (31ms)
Platform modules already initialized, skipping
Refreshing native plugins compatible for Editor in 3.50 ms, found 4 plugins.
Preloading 0 native plugins for Editor in 0.00 ms.
Unloading 6060 Unused Serialized files (Serialized files now loaded: 0)
Unloading 45 unused Assets / (2.2 MB). Loaded Objects now: 7047.
Memory consumption went from 246.3 MB to 244.1 MB.
Total: 4.943000 ms (FindLiveObjects: 0.569900 ms CreateObjectMapping: 0.441200 ms MarkObjects: 3.228300 ms  DeleteObjects: 0.702300 ms)

AssetImportParameters requested are different than current active one (requested -> active):
  custom:video-decoder-ogg-theora: a1e56fd34408186e4bbccfd4996cb3dc -> 
  custom:container-muxer-webm: aa71ff27fc2769a1b78a27578f13a17b -> 
  custom:container-demuxer-webm: 4f35f7cbe854078d1ac9338744f61a02 -> 
  custom:video-encoder-webm-vp8: eb34c28f22e8b96e1ab97ce403110664 -> 
  custom:audio-encoder-webm-vorbis: bf7c407c2cedff20999df2af8eb42d56 -> 
  custom:framework-win-MediaFoundation: 216162199b28c13a410421893ffa2e32 -> 
  custom:container-demuxer-ogg: 62fdf1f143b41e24485cea50d1cbac27 -> 
  custom:video-decoder-webm-vp8: 9c59270c3fd7afecdb556c50c9e8de78 -> 
  custom:audio-decoder-ogg-vorbis: bf7c407c2cedff20999df2af8eb42d56 -> 
========================================================================
Received Prepare
Registering precompiled user dll's ...
Registered in 0.007822 seconds.
Begin MonoManager ReloadAssembly
Symbol file LoadedFromMemory doesn't match image C:\Users\maste\OneDrive\Pictures\GameJam-Projects\Duck\Public_Duck\GruppB_Repository\GruppB\DuckTransportURP\BathTime\Library\PackageCache\com.unity.visualscripting@1.7.8\Editor\VisualScripting.Core\Dependencies\YamlDotNet\Unity.VisualScripting.YamlDotNet.dll
Symbol file LoadedFromMemory doesn't match image C:\Users\maste\OneDrive\Pictures\GameJam-Projects\Duck\Public_Duck\GruppB_Repository\GruppB\DuckTransportURP\BathTime\Library\PackageCache\com.unity.visualscripting@1.7.8\Editor\VisualScripting.Core\Dependencies\DotNetZip\Unity.VisualScripting.IonicZip.dll
Native extension for WindowsStandalone target not found
Native extension for Android target not found
Native extension for WebGL target not found
Refreshing native plugins compatible for Editor in 1.35 ms, found 4 plugins.
Preloading 0 native plugins for Editor in 0.00 ms.
Warning: Annotation not found!
UnityEngine.StackTraceUtility:ExtractStackTrace ()
UnityEditor.ProBuilder.EditorUtility:SetGizmoIconEnabled (System.Type,bool) (at Library/PackageCache/com.unity.probuilder@5.0.3/Editor/EditorCore/EditorUtility.cs:575)
UnityEditor.ProBuilder.HierarchyListener:.cctor () (at Library/PackageCache/com.unity.probuilder@5.0.3/Editor/EditorCore/HierarchyListener.cs:21)
System.Runtime.CompilerServices.RuntimeHelpers:RunClassConstructor (System.RuntimeTypeHandle)
UnityEditor.EditorAssemblies:ProcessInitializeOnLoadAttributes (System.Type[])

[Library/PackageCache/com.unity.probuilder@5.0.3/Editor/EditorCore/EditorUtility.cs line 575]

Mono: successfully reloaded assembly
- Completed reload, in  1.606 seconds
Domain Reload Profiling:
	ReloadAssembly (1607ms)
		BeginReloadAssembly (157ms)
			ExecutionOrderSort (0ms)
			DisableScriptedObjects (6ms)
			BackupInstance (0ms)
			ReleaseScriptingObjects (0ms)
			CreateAndSetChildDomain (43ms)
		EndReloadAssembly (1335ms)
			LoadAssemblies (116ms)
			RebuildTransferFunctionScriptingTraits (0ms)
			SetupTypeCache (335ms)
			ReleaseScriptCaches (4ms)
			RebuildScriptCaches (76ms)
			SetupLoadedEditorAssemblies (690ms)
				LogAssemblyErrors (0ms)
				InitializePlatformSupportModulesInManaged (28ms)
				SetLoadedEditorAssemblies (1ms)
				RefreshPlugins (1ms)
				BeforeProcessingInitializeOnLoad (121ms)
				ProcessInitializeOnLoadAttributes (434ms)
				ProcessInitializeOnLoadMethodAttributes (97ms)
				AfterProcessingInitializeOnLoad (7ms)
				EditorAssembliesLoaded (0ms)
			ExecutionOrderSort2 (0ms)
			AwakeInstancesAfterBackupRestoration (26ms)
Platform modules already initialized, skipping
Refreshing native plugins compatible for Editor in 3.29 ms, found 4 plugins.
Preloading 0 native plugins for Editor in 0.00 ms.
Unloading 6061 Unused Serialized files (Serialized files now loaded: 0)
Unloading 45 unused Assets / (2.2 MB). Loaded Objects now: 7063.
Memory consumption went from 246.4 MB to 244.2 MB.
Total: 6.596700 ms (FindLiveObjects: 1.245200 ms CreateObjectMapping: 0.988100 ms MarkObjects: 3.390800 ms  DeleteObjects: 0.971100 ms)

AssetImportParameters requested are different than current active one (requested -> active):
  custom:video-decoder-ogg-theora: a1e56fd34408186e4bbccfd4996cb3dc -> 
  custom:container-muxer-webm: aa71ff27fc2769a1b78a27578f13a17b -> 
  custom:container-demuxer-webm: 4f35f7cbe854078d1ac9338744f61a02 -> 
  custom:video-encoder-webm-vp8: eb34c28f22e8b96e1ab97ce403110664 -> 
  custom:audio-encoder-webm-vorbis: bf7c407c2cedff20999df2af8eb42d56 -> 
  custom:framework-win-MediaFoundation: 216162199b28c13a410421893ffa2e32 -> 
  custom:container-demuxer-ogg: 62fdf1f143b41e24485cea50d1cbac27 -> 
  custom:video-decoder-webm-vp8: 9c59270c3fd7afecdb556c50c9e8de78 -> 
  custom:audio-decoder-ogg-vorbis: bf7c407c2cedff20999df2af8eb42d56 -> 
========================================================================
Received Prepare
Registering precompiled user dll's ...
Registered in 0.009335 seconds.
Begin MonoManager ReloadAssembly
Symbol file LoadedFromMemory doesn't match image C:\Users\maste\OneDrive\Pictures\GameJam-Projects\Duck\Public_Duck\GruppB_Repository\GruppB\DuckTransportURP\BathTime\Library\PackageCache\com.unity.visualscripting@1.7.8\Editor\VisualScripting.Core\Dependencies\YamlDotNet\Unity.VisualScripting.YamlDotNet.dll
Symbol file LoadedFromMemory doesn't match image C:\Users\maste\OneDrive\Pictures\GameJam-Projects\Duck\Public_Duck\GruppB_Repository\GruppB\DuckTransportURP\BathTime\Library\PackageCache\com.unity.visualscripting@1.7.8\Editor\VisualScripting.Core\Dependencies\DotNetZip\Unity.VisualScripting.IonicZip.dll
Native extension for WindowsStandalone target not found
Native extension for Android target not found
Native extension for WebGL target not found
Refreshing native plugins compatible for Editor in 1.82 ms, found 4 plugins.
Preloading 0 native plugins for Editor in 0.00 ms.
Warning: Annotation not found!
UnityEngine.StackTraceUtility:ExtractStackTrace ()
UnityEditor.ProBuilder.EditorUtility:SetGizmoIconEnabled (System.Type,bool) (at Library/PackageCache/com.unity.probuilder@5.0.3/Editor/EditorCore/EditorUtility.cs:575)
UnityEditor.ProBuilder.HierarchyListener:.cctor () (at Library/PackageCache/com.unity.probuilder@5.0.3/Editor/EditorCore/HierarchyListener.cs:21)
System.Runtime.CompilerServices.RuntimeHelpers:RunClassConstructor (System.RuntimeTypeHandle)
UnityEditor.EditorAssemblies:ProcessInitializeOnLoadAttributes (System.Type[])

[Library/PackageCache/com.unity.probuilder@5.0.3/Editor/EditorCore/EditorUtility.cs line 575]

Mono: successfully reloaded assembly
- Completed reload, in  1.635 seconds
Domain Reload Profiling:
	ReloadAssembly (1636ms)
		BeginReloadAssembly (152ms)
			ExecutionOrderSort (0ms)
			DisableScriptedObjects (6ms)
			BackupInstance (0ms)
			ReleaseScriptingObjects (0ms)
			CreateAndSetChildDomain (46ms)
		EndReloadAssembly (1372ms)
			LoadAssemblies (116ms)
			RebuildTransferFunctionScriptingTraits (0ms)
			SetupTypeCache (347ms)
			ReleaseScriptCaches (3ms)
			RebuildScriptCaches (84ms)
			SetupLoadedEditorAssemblies (702ms)
				LogAssemblyErrors (0ms)
				InitializePlatformSupportModulesInManaged (34ms)
				SetLoadedEditorAssemblies (1ms)
				RefreshPlugins (2ms)
				BeforeProcessingInitializeOnLoad (111ms)
				ProcessInitializeOnLoadAttributes (454ms)
				ProcessInitializeOnLoadMethodAttributes (93ms)
				AfterProcessingInitializeOnLoad (7ms)
				EditorAssembliesLoaded (0ms)
			ExecutionOrderSort2 (0ms)
			AwakeInstancesAfterBackupRestoration (34ms)
Platform modules already initialized, skipping
Refreshing native plugins compatible for Editor in 3.63 ms, found 4 plugins.
Preloading 0 native plugins for Editor in 0.00 ms.
Unloading 6061 Unused Serialized files (Serialized files now loaded: 0)
Unloading 45 unused Assets / (2.2 MB). Loaded Objects now: 7079.
Memory consumption went from 246.5 MB to 244.2 MB.
Total: 7.787700 ms (FindLiveObjects: 1.215700 ms CreateObjectMapping: 0.814000 ms MarkObjects: 4.775700 ms  DeleteObjects: 0.980800 ms)

AssetImportParameters requested are different than current active one (requested -> active):
  custom:video-decoder-ogg-theora: a1e56fd34408186e4bbccfd4996cb3dc -> 
  custom:container-muxer-webm: aa71ff27fc2769a1b78a27578f13a17b -> 
  custom:container-demuxer-webm: 4f35f7cbe854078d1ac9338744f61a02 -> 
  custom:video-encoder-webm-vp8: eb34c28f22e8b96e1ab97ce403110664 -> 
  custom:audio-encoder-webm-vorbis: bf7c407c2cedff20999df2af8eb42d56 -> 
  custom:framework-win-MediaFoundation: 216162199b28c13a410421893ffa2e32 -> 
  custom:container-demuxer-ogg: 62fdf1f143b41e24485cea50d1cbac27 -> 
  custom:video-decoder-webm-vp8: 9c59270c3fd7afecdb556c50c9e8de78 -> 
  custom:audio-decoder-ogg-vorbis: bf7c407c2cedff20999df2af8eb42d56 -> 
========================================================================
Received Import Request.
  Time since last request: 597.779987 seconds.
  path: Assets/Model/Hats/Propeller/URP/1024/PropHat.mat
  artifactKey: Guid(453fb8c95138de44e84d9d2d4bce5db0) Importer(815301076,1909f56bfc062723c751e8b465ee728b)
Start importing Assets/Model/Hats/Propeller/URP/1024/PropHat.mat using Guid(453fb8c95138de44e84d9d2d4bce5db0) Importer(815301076,1909f56bfc062723c751e8b465ee728b)  -> (artifact id: 'c86551f758129b5927f9bf58a6ee019e') in 0.207262 seconds 
