Using pre-set license
Built from '2021.3/staging' branch; Version is '2021.3.8f1 (b30333d56e81) revision 11731763'; Using compiler version '192829333'; Build Type 'Release'
OS: 'Windows 11  (10.0.22000) 64bit Core' Language: 'en' Physical Memory: 16205 MB
BatchMode: 1, IsHumanControllingUs: 0, StartBugReporterOnCrash: 0, Is64bit: 1, IsPro: 1

COMMAND LINE ARGUMENTS:
C:\Program Files\Unity\Hub\Editor\2021.3.8f1\Editor\Unity.exe
-adb2
-batchMode
-noUpm
-name
AssetImportWorker2
-projectPath
C:/Users/maste/OneDrive/Pictures/GameJam-Projects/Duck/Public_Duck/GruppB_Repository/GruppB/DuckTransportURP/BathTime
-logFile
Logs/AssetImportWorker2.log
-srvPort
62948
Successfully changed project path to: C:/Users/maste/OneDrive/Pictures/GameJam-Projects/Duck/Public_Duck/GruppB_Repository/GruppB/DuckTransportURP/BathTime
C:/Users/maste/OneDrive/Pictures/GameJam-Projects/Duck/Public_Duck/GruppB_Repository/GruppB/DuckTransportURP/BathTime
[UnityMemory] Configuration Parameters - Can be set up in boot.config
    "memorysetup-bucket-allocator-granularity=16"
    "memorysetup-bucket-allocator-bucket-count=8"
    "memorysetup-bucket-allocator-block-size=33554432"
    "memorysetup-bucket-allocator-block-count=8"
    "memorysetup-main-allocator-block-size=16777216"
    "memorysetup-thread-allocator-block-size=16777216"
    "memorysetup-gfx-main-allocator-block-size=16777216"
    "memorysetup-gfx-thread-allocator-block-size=16777216"
    "memorysetup-cache-allocator-block-size=4194304"
    "memorysetup-typetree-allocator-block-size=2097152"
    "memorysetup-profiler-bucket-allocator-granularity=16"
    "memorysetup-profiler-bucket-allocator-bucket-count=8"
    "memorysetup-profiler-bucket-allocator-block-size=33554432"
    "memorysetup-profiler-bucket-allocator-block-count=8"
    "memorysetup-profiler-allocator-block-size=16777216"
    "memorysetup-profiler-editor-allocator-block-size=1048576"
    "memorysetup-temp-allocator-size-main=16777216"
    "memorysetup-job-temp-allocator-block-size=2097152"
    "memorysetup-job-temp-allocator-block-size-background=1048576"
    "memorysetup-job-temp-allocator-reduction-small-platforms=262144"
    "memorysetup-temp-allocator-size-background-worker=32768"
    "memorysetup-temp-allocator-size-job-worker=262144"
    "memorysetup-temp-allocator-size-preload-manager=33554432"
    "memorysetup-temp-allocator-size-nav-mesh-worker=65536"
    "memorysetup-temp-allocator-size-audio-worker=65536"
    "memorysetup-temp-allocator-size-cloud-worker=32768"
    "memorysetup-temp-allocator-size-gi-baking-worker=262144"
    "memorysetup-temp-allocator-size-gfx=262144"
Refreshing native plugins compatible for Editor in 151.69 ms, found 4 plugins.
Preloading 0 native plugins for Editor in 0.00 ms.
Initialize engine version: 2021.3.8f1 (b30333d56e81)
[Subsystems] Discovering subsystems at path C:/Program Files/Unity/Hub/Editor/2021.3.8f1/Editor/Data/Resources/UnitySubsystems
[Subsystems] Discovering subsystems at path C:/Users/maste/OneDrive/Pictures/GameJam-Projects/Duck/Public_Duck/GruppB_Repository/GruppB/DuckTransportURP/BathTime/Assets
GfxDevice: creating device client; threaded=0; jobified=0
Direct3D:
    Version:  Direct3D 11.0 [level 11.1]
    Renderer: NVIDIA GeForce RTX 3060 Laptop GPU (ID=0x2520)
    Vendor:   NVIDIA
    VRAM:     6023 MB
    Driver:   31.0.15.1694
Initialize mono
Mono path[0] = 'C:/Program Files/Unity/Hub/Editor/2021.3.8f1/Editor/Data/Managed'
Mono path[1] = 'C:/Program Files/Unity/Hub/Editor/2021.3.8f1/Editor/Data/MonoBleedingEdge/lib/mono/unityjit-win32'
Mono config path = 'C:/Program Files/Unity/Hub/Editor/2021.3.8f1/Editor/Data/MonoBleedingEdge/etc'
Using monoOptions --debugger-agent=transport=dt_socket,embedding=1,server=y,suspend=n,address=127.0.0.1:56444
Begin MonoManager ReloadAssembly
Registering precompiled unity dll's ...
Register platform support module: C:/Program Files/Unity/Hub/Editor/2021.3.8f1/Editor/Data/PlaybackEngines/WebGLSupport/UnityEditor.WebGL.Extensions.dll
Register platform support module: C:/Program Files/Unity/Hub/Editor/2021.3.8f1/Editor/Data/PlaybackEngines/AndroidPlayer/UnityEditor.Android.Extensions.dll
Register platform support module: C:/Program Files/Unity/Hub/Editor/2021.3.8f1/Editor/Data/PlaybackEngines/WindowsStandaloneSupport/UnityEditor.WindowsStandalone.Extensions.dll
Registered in 0.005882 seconds.
Native extension for WindowsStandalone target not found
Native extension for Android target not found
Native extension for WebGL target not found
Refreshing native plugins compatible for Editor in 157.53 ms, found 4 plugins.
Preloading 0 native plugins for Editor in 0.00 ms.
Mono: successfully reloaded assembly
- Completed reload, in  0.750 seconds
Domain Reload Profiling:
	ReloadAssembly (751ms)
		BeginReloadAssembly (78ms)
			ExecutionOrderSort (0ms)
			DisableScriptedObjects (0ms)
			BackupInstance (0ms)
			ReleaseScriptingObjects (0ms)
			CreateAndSetChildDomain (1ms)
		EndReloadAssembly (569ms)
			LoadAssemblies (76ms)
			RebuildTransferFunctionScriptingTraits (0ms)
			SetupTypeCache (116ms)
			ReleaseScriptCaches (0ms)
			RebuildScriptCaches (29ms)
			SetupLoadedEditorAssemblies (371ms)
				LogAssemblyErrors (0ms)
				InitializePlatformSupportModulesInManaged (66ms)
				SetLoadedEditorAssemblies (0ms)
				RefreshPlugins (158ms)
				BeforeProcessingInitializeOnLoad (2ms)
				ProcessInitializeOnLoadAttributes (97ms)
				ProcessInitializeOnLoadMethodAttributes (49ms)
				AfterProcessingInitializeOnLoad (0ms)
				EditorAssembliesLoaded (0ms)
			ExecutionOrderSort2 (0ms)
			AwakeInstancesAfterBackupRestoration (0ms)
Platform modules already initialized, skipping
Registering precompiled user dll's ...
Registered in 0.007794 seconds.
Begin MonoManager ReloadAssembly
Symbol file LoadedFromMemory doesn't match image C:\Users\maste\OneDrive\Pictures\GameJam-Projects\Duck\Public_Duck\GruppB_Repository\GruppB\DuckTransportURP\BathTime\Library\PackageCache\com.unity.visualscripting@1.7.8\Editor\VisualScripting.Core\Dependencies\YamlDotNet\Unity.VisualScripting.YamlDotNet.dll
Symbol file LoadedFromMemory doesn't match image C:\Users\maste\OneDrive\Pictures\GameJam-Projects\Duck\Public_Duck\GruppB_Repository\GruppB\DuckTransportURP\BathTime\Library\PackageCache\com.unity.visualscripting@1.7.8\Editor\VisualScripting.Core\Dependencies\DotNetZip\Unity.VisualScripting.IonicZip.dll
Native extension for WindowsStandalone target not found
Native extension for Android target not found
Native extension for WebGL target not found
Refreshing native plugins compatible for Editor in 122.64 ms, found 4 plugins.
Preloading 0 native plugins for Editor in 0.00 ms.
Mono: successfully reloaded assembly
- Completed reload, in  1.940 seconds
Domain Reload Profiling:
	ReloadAssembly (1941ms)
		BeginReloadAssembly (211ms)
			ExecutionOrderSort (0ms)
			DisableScriptedObjects (7ms)
			BackupInstance (0ms)
			ReleaseScriptingObjects (0ms)
			CreateAndSetChildDomain (118ms)
		EndReloadAssembly (1618ms)
			LoadAssemblies (101ms)
			RebuildTransferFunctionScriptingTraits (0ms)
			SetupTypeCache (287ms)
			ReleaseScriptCaches (1ms)
			RebuildScriptCaches (76ms)
			SetupLoadedEditorAssemblies (1112ms)
				LogAssemblyErrors (0ms)
				InitializePlatformSupportModulesInManaged (13ms)
				SetLoadedEditorAssemblies (0ms)
				RefreshPlugins (123ms)
				BeforeProcessingInitializeOnLoad (124ms)
				ProcessInitializeOnLoadAttributes (799ms)
				ProcessInitializeOnLoadMethodAttributes (47ms)
				AfterProcessingInitializeOnLoad (6ms)
				EditorAssembliesLoaded (0ms)
			ExecutionOrderSort2 (0ms)
			AwakeInstancesAfterBackupRestoration (5ms)
Platform modules already initialized, skipping
========================================================================
Worker process is ready to serve import requests
Launched and connected shader compiler UnityShaderCompiler.exe after 0.04 seconds
Refreshing native plugins compatible for Editor in 1.88 ms, found 4 plugins.
Preloading 0 native plugins for Editor in 0.00 ms.
Unloading 6276 Unused Serialized files (Serialized files now loaded: 0)
Unloading 238 unused Assets / (2.3 MB). Loaded Objects now: 6700.
Memory consumption went from 254.1 MB to 251.8 MB.
Total: 8.418100 ms (FindLiveObjects: 0.822300 ms CreateObjectMapping: 1.078400 ms MarkObjects: 5.667500 ms  DeleteObjects: 0.848400 ms)

AssetImportParameters requested are different than current active one (requested -> active):
  custom:video-decoder-ogg-theora: a1e56fd34408186e4bbccfd4996cb3dc -> 
  custom:container-muxer-webm: aa71ff27fc2769a1b78a27578f13a17b -> 
  custom:container-demuxer-webm: 4f35f7cbe854078d1ac9338744f61a02 -> 
  custom:video-encoder-webm-vp8: eb34c28f22e8b96e1ab97ce403110664 -> 
  custom:audio-encoder-webm-vorbis: bf7c407c2cedff20999df2af8eb42d56 -> 
  custom:framework-win-MediaFoundation: 216162199b28c13a410421893ffa2e32 -> 
  custom:container-demuxer-ogg: 62fdf1f143b41e24485cea50d1cbac27 -> 
  custom:video-decoder-webm-vp8: 9c59270c3fd7afecdb556c50c9e8de78 -> 
  custom:audio-decoder-ogg-vorbis: bf7c407c2cedff20999df2af8eb42d56 -> 
========================================================================
Received Import Request.
  Time since last request: 100917.080513 seconds.
  path: Assets/BubbleWalls
  artifactKey: Guid(90a47b3657d9def4aad6fe6101075781) Importer(815301076,1909f56bfc062723c751e8b465ee728b)
Start importing Assets/BubbleWalls using Guid(90a47b3657d9def4aad6fe6101075781) Importer(815301076,1909f56bfc062723c751e8b465ee728b)  -> (artifact id: 'd157009453188491cf17765711756787') in 0.013794 seconds 
========================================================================
Received Import Request.
  Time since last request: 1.248168 seconds.
  path: Assets/Cutout
  artifactKey: Guid(5c77a2c09af42344d9283c41f3e7f7dc) Importer(815301076,1909f56bfc062723c751e8b465ee728b)
Start importing Assets/Cutout using Guid(5c77a2c09af42344d9283c41f3e7f7dc) Importer(815301076,1909f56bfc062723c751e8b465ee728b)  -> (artifact id: 'cf786e558aa79db8327f7fa74886bd6f') in 0.006479 seconds 
========================================================================
Received Prepare
Registering precompiled user dll's ...
Registered in 0.007007 seconds.
Begin MonoManager ReloadAssembly
Symbol file LoadedFromMemory doesn't match image C:\Users\maste\OneDrive\Pictures\GameJam-Projects\Duck\Public_Duck\GruppB_Repository\GruppB\DuckTransportURP\BathTime\Library\PackageCache\com.unity.visualscripting@1.7.8\Editor\VisualScripting.Core\Dependencies\YamlDotNet\Unity.VisualScripting.YamlDotNet.dll
Symbol file LoadedFromMemory doesn't match image C:\Users\maste\OneDrive\Pictures\GameJam-Projects\Duck\Public_Duck\GruppB_Repository\GruppB\DuckTransportURP\BathTime\Library\PackageCache\com.unity.visualscripting@1.7.8\Editor\VisualScripting.Core\Dependencies\DotNetZip\Unity.VisualScripting.IonicZip.dll
Native extension for WindowsStandalone target not found
Native extension for Android target not found
Native extension for WebGL target not found
Refreshing native plugins compatible for Editor in 1.30 ms, found 4 plugins.
Preloading 0 native plugins for Editor in 0.00 ms.
Warning: Annotation not found!
UnityEngine.StackTraceUtility:ExtractStackTrace ()
UnityEditor.ProBuilder.EditorUtility:SetGizmoIconEnabled (System.Type,bool) (at Library/PackageCache/com.unity.probuilder@5.0.3/Editor/EditorCore/EditorUtility.cs:575)
UnityEditor.ProBuilder.HierarchyListener:.cctor () (at Library/PackageCache/com.unity.probuilder@5.0.3/Editor/EditorCore/HierarchyListener.cs:21)
System.Runtime.CompilerServices.RuntimeHelpers:RunClassConstructor (System.RuntimeTypeHandle)
UnityEditor.EditorAssemblies:ProcessInitializeOnLoadAttributes (System.Type[])

[Library/PackageCache/com.unity.probuilder@5.0.3/Editor/EditorCore/EditorUtility.cs line 575]

Mono: successfully reloaded assembly
- Completed reload, in  1.501 seconds
Domain Reload Profiling:
	ReloadAssembly (1501ms)
		BeginReloadAssembly (172ms)
			ExecutionOrderSort (0ms)
			DisableScriptedObjects (4ms)
			BackupInstance (0ms)
			ReleaseScriptingObjects (0ms)
			CreateAndSetChildDomain (54ms)
		EndReloadAssembly (1197ms)
			LoadAssemblies (118ms)
			RebuildTransferFunctionScriptingTraits (0ms)
			SetupTypeCache (324ms)
			ReleaseScriptCaches (2ms)
			RebuildScriptCaches (61ms)
			SetupLoadedEditorAssemblies (639ms)
				LogAssemblyErrors (0ms)
				InitializePlatformSupportModulesInManaged (22ms)
				SetLoadedEditorAssemblies (1ms)
				RefreshPlugins (1ms)
				BeforeProcessingInitializeOnLoad (95ms)
				ProcessInitializeOnLoadAttributes (423ms)
				ProcessInitializeOnLoadMethodAttributes (90ms)
				AfterProcessingInitializeOnLoad (6ms)
				EditorAssembliesLoaded (0ms)
			ExecutionOrderSort2 (0ms)
			AwakeInstancesAfterBackupRestoration (19ms)
Platform modules already initialized, skipping
Refreshing native plugins compatible for Editor in 5.35 ms, found 4 plugins.
Preloading 0 native plugins for Editor in 0.00 ms.
Unloading 6054 Unused Serialized files (Serialized files now loaded: 0)
Unloading 45 unused Assets / (2.2 MB). Loaded Objects now: 6716.
Memory consumption went from 236.3 MB to 234.1 MB.
Total: 6.949300 ms (FindLiveObjects: 0.531700 ms CreateObjectMapping: 0.494000 ms MarkObjects: 5.226700 ms  DeleteObjects: 0.695500 ms)

AssetImportParameters requested are different than current active one (requested -> active):
  custom:video-decoder-ogg-theora: a1e56fd34408186e4bbccfd4996cb3dc -> 
  custom:container-muxer-webm: aa71ff27fc2769a1b78a27578f13a17b -> 
  custom:container-demuxer-webm: 4f35f7cbe854078d1ac9338744f61a02 -> 
  custom:video-encoder-webm-vp8: eb34c28f22e8b96e1ab97ce403110664 -> 
  custom:audio-encoder-webm-vorbis: bf7c407c2cedff20999df2af8eb42d56 -> 
  custom:framework-win-MediaFoundation: 216162199b28c13a410421893ffa2e32 -> 
  custom:container-demuxer-ogg: 62fdf1f143b41e24485cea50d1cbac27 -> 
  custom:video-decoder-webm-vp8: 9c59270c3fd7afecdb556c50c9e8de78 -> 
  custom:audio-decoder-ogg-vorbis: bf7c407c2cedff20999df2af8eb42d56 -> 
========================================================================
Received Prepare
Registering precompiled user dll's ...
Registered in 0.007587 seconds.
Begin MonoManager ReloadAssembly
Symbol file LoadedFromMemory doesn't match image C:\Users\maste\OneDrive\Pictures\GameJam-Projects\Duck\Public_Duck\GruppB_Repository\GruppB\DuckTransportURP\BathTime\Library\PackageCache\com.unity.visualscripting@1.7.8\Editor\VisualScripting.Core\Dependencies\YamlDotNet\Unity.VisualScripting.YamlDotNet.dll
Symbol file LoadedFromMemory doesn't match image C:\Users\maste\OneDrive\Pictures\GameJam-Projects\Duck\Public_Duck\GruppB_Repository\GruppB\DuckTransportURP\BathTime\Library\PackageCache\com.unity.visualscripting@1.7.8\Editor\VisualScripting.Core\Dependencies\DotNetZip\Unity.VisualScripting.IonicZip.dll
Native extension for WindowsStandalone target not found
Native extension for Android target not found
Native extension for WebGL target not found
Refreshing native plugins compatible for Editor in 1.04 ms, found 4 plugins.
Preloading 0 native plugins for Editor in 0.00 ms.
Warning: Annotation not found!
UnityEngine.StackTraceUtility:ExtractStackTrace ()
UnityEditor.ProBuilder.EditorUtility:SetGizmoIconEnabled (System.Type,bool) (at Library/PackageCache/com.unity.probuilder@5.0.3/Editor/EditorCore/EditorUtility.cs:575)
UnityEditor.ProBuilder.HierarchyListener:.cctor () (at Library/PackageCache/com.unity.probuilder@5.0.3/Editor/EditorCore/HierarchyListener.cs:21)
System.Runtime.CompilerServices.RuntimeHelpers:RunClassConstructor (System.RuntimeTypeHandle)
UnityEditor.EditorAssemblies:ProcessInitializeOnLoadAttributes (System.Type[])

[Library/PackageCache/com.unity.probuilder@5.0.3/Editor/EditorCore/EditorUtility.cs line 575]

Mono: successfully reloaded assembly
- Completed reload, in  1.415 seconds
Domain Reload Profiling:
	ReloadAssembly (1416ms)
		BeginReloadAssembly (166ms)
			ExecutionOrderSort (0ms)
			DisableScriptedObjects (5ms)
			BackupInstance (0ms)
			ReleaseScriptingObjects (0ms)
			CreateAndSetChildDomain (53ms)
		EndReloadAssembly (1130ms)
			LoadAssemblies (109ms)
			RebuildTransferFunctionScriptingTraits (0ms)
			SetupTypeCache (320ms)
			ReleaseScriptCaches (2ms)
			RebuildScriptCaches (59ms)
			SetupLoadedEditorAssemblies (574ms)
				LogAssemblyErrors (0ms)
				InitializePlatformSupportModulesInManaged (22ms)
				SetLoadedEditorAssemblies (0ms)
				RefreshPlugins (1ms)
				BeforeProcessingInitializeOnLoad (106ms)
				ProcessInitializeOnLoadAttributes (363ms)
				ProcessInitializeOnLoadMethodAttributes (75ms)
				AfterProcessingInitializeOnLoad (7ms)
				EditorAssembliesLoaded (0ms)
			ExecutionOrderSort2 (0ms)
			AwakeInstancesAfterBackupRestoration (17ms)
Platform modules already initialized, skipping
Refreshing native plugins compatible for Editor in 5.00 ms, found 4 plugins.
Preloading 0 native plugins for Editor in 0.00 ms.
Unloading 6054 Unused Serialized files (Serialized files now loaded: 0)
Unloading 45 unused Assets / (2.2 MB). Loaded Objects now: 6732.
Memory consumption went from 236.4 MB to 234.1 MB.
Total: 15.510900 ms (FindLiveObjects: 0.966100 ms CreateObjectMapping: 0.864900 ms MarkObjects: 12.726200 ms  DeleteObjects: 0.952000 ms)

AssetImportParameters requested are different than current active one (requested -> active):
  custom:video-decoder-ogg-theora: a1e56fd34408186e4bbccfd4996cb3dc -> 
  custom:container-muxer-webm: aa71ff27fc2769a1b78a27578f13a17b -> 
  custom:container-demuxer-webm: 4f35f7cbe854078d1ac9338744f61a02 -> 
  custom:video-encoder-webm-vp8: eb34c28f22e8b96e1ab97ce403110664 -> 
  custom:audio-encoder-webm-vorbis: bf7c407c2cedff20999df2af8eb42d56 -> 
  custom:framework-win-MediaFoundation: 216162199b28c13a410421893ffa2e32 -> 
  custom:container-demuxer-ogg: 62fdf1f143b41e24485cea50d1cbac27 -> 
  custom:video-decoder-webm-vp8: 9c59270c3fd7afecdb556c50c9e8de78 -> 
  custom:audio-decoder-ogg-vorbis: bf7c407c2cedff20999df2af8eb42d56 -> 
========================================================================
Received Import Request.
  Time since last request: 53.930827 seconds.
  path: Assets/Scenes/MainMenu.unity
  artifactKey: Guid(d3d535422cb76f747982c46b70d86869) Importer(815301076,1909f56bfc062723c751e8b465ee728b)
Start importing Assets/Scenes/MainMenu.unity using Guid(d3d535422cb76f747982c46b70d86869) Importer(815301076,1909f56bfc062723c751e8b465ee728b)  -> (artifact id: '0d4035d00ca436a9d912ec0075b39cc0') in 0.015081 seconds 
========================================================================
Received Import Request.
  Time since last request: 3.796425 seconds.
  path: Assets/Scenes/Test Lights.unity
  artifactKey: Guid(ee6f0d9c065835745b1b1d16935eb65e) Importer(815301076,1909f56bfc062723c751e8b465ee728b)
Start importing Assets/Scenes/Test Lights.unity using Guid(ee6f0d9c065835745b1b1d16935eb65e) Importer(815301076,1909f56bfc062723c751e8b465ee728b)  -> (artifact id: '534b3426050a532a4f4574b17ffe1109') in 0.002921 seconds 
========================================================================
Received Import Request.
  Time since last request: 5.266266 seconds.
  path: Assets/Scenes/Duck.unity
  artifactKey: Guid(8124e5870f4fd4c779e7a5f994e84ad1) Importer(815301076,1909f56bfc062723c751e8b465ee728b)
Start importing Assets/Scenes/Duck.unity using Guid(8124e5870f4fd4c779e7a5f994e84ad1) Importer(815301076,1909f56bfc062723c751e8b465ee728b)  -> (artifact id: '8d128396a934a0a4687e0e6650697b2b') in 0.006319 seconds 
========================================================================
Received Prepare
Registering precompiled user dll's ...
Registered in 0.008717 seconds.
Begin MonoManager ReloadAssembly
Symbol file LoadedFromMemory doesn't match image C:\Users\maste\OneDrive\Pictures\GameJam-Projects\Duck\Public_Duck\GruppB_Repository\GruppB\DuckTransportURP\BathTime\Library\PackageCache\com.unity.visualscripting@1.7.8\Editor\VisualScripting.Core\Dependencies\YamlDotNet\Unity.VisualScripting.YamlDotNet.dll
Symbol file LoadedFromMemory doesn't match image C:\Users\maste\OneDrive\Pictures\GameJam-Projects\Duck\Public_Duck\GruppB_Repository\GruppB\DuckTransportURP\BathTime\Library\PackageCache\com.unity.visualscripting@1.7.8\Editor\VisualScripting.Core\Dependencies\DotNetZip\Unity.VisualScripting.IonicZip.dll
Native extension for WindowsStandalone target not found
Native extension for Android target not found
Native extension for WebGL target not found
Refreshing native plugins compatible for Editor in 1.93 ms, found 4 plugins.
Preloading 0 native plugins for Editor in 0.00 ms.
Warning: Annotation not found!
UnityEngine.StackTraceUtility:ExtractStackTrace ()
UnityEditor.ProBuilder.EditorUtility:SetGizmoIconEnabled (System.Type,bool) (at Library/PackageCache/com.unity.probuilder@5.0.3/Editor/EditorCore/EditorUtility.cs:575)
UnityEditor.ProBuilder.HierarchyListener:.cctor () (at Library/PackageCache/com.unity.probuilder@5.0.3/Editor/EditorCore/HierarchyListener.cs:21)
System.Runtime.CompilerServices.RuntimeHelpers:RunClassConstructor (System.RuntimeTypeHandle)
UnityEditor.EditorAssemblies:ProcessInitializeOnLoadAttributes (System.Type[])

[Library/PackageCache/com.unity.probuilder@5.0.3/Editor/EditorCore/EditorUtility.cs line 575]

Mono: successfully reloaded assembly
- Completed reload, in  1.537 seconds
Domain Reload Profiling:
	ReloadAssembly (1538ms)
		BeginReloadAssembly (142ms)
			ExecutionOrderSort (0ms)
			DisableScriptedObjects (4ms)
			BackupInstance (0ms)
			ReleaseScriptingObjects (0ms)
			CreateAndSetChildDomain (43ms)
		EndReloadAssembly (1288ms)
			LoadAssemblies (100ms)
			RebuildTransferFunctionScriptingTraits (0ms)
			SetupTypeCache (316ms)
			ReleaseScriptCaches (2ms)
			RebuildScriptCaches (69ms)
			SetupLoadedEditorAssemblies (727ms)
				LogAssemblyErrors (0ms)
				InitializePlatformSupportModulesInManaged (27ms)
				SetLoadedEditorAssemblies (1ms)
				RefreshPlugins (2ms)
				BeforeProcessingInitializeOnLoad (117ms)
				ProcessInitializeOnLoadAttributes (483ms)
				ProcessInitializeOnLoadMethodAttributes (90ms)
				AfterProcessingInitializeOnLoad (7ms)
				EditorAssembliesLoaded (0ms)
			ExecutionOrderSort2 (0ms)
			AwakeInstancesAfterBackupRestoration (17ms)
Platform modules already initialized, skipping
Refreshing native plugins compatible for Editor in 5.36 ms, found 4 plugins.
Preloading 0 native plugins for Editor in 0.00 ms.
Unloading 6054 Unused Serialized files (Serialized files now loaded: 0)
Unloading 45 unused Assets / (2.2 MB). Loaded Objects now: 6748.
Memory consumption went from 236.4 MB to 234.2 MB.
Total: 8.194300 ms (FindLiveObjects: 0.718800 ms CreateObjectMapping: 1.053000 ms MarkObjects: 5.177300 ms  DeleteObjects: 1.243700 ms)

AssetImportParameters requested are different than current active one (requested -> active):
  custom:video-decoder-ogg-theora: a1e56fd34408186e4bbccfd4996cb3dc -> 
  custom:container-muxer-webm: aa71ff27fc2769a1b78a27578f13a17b -> 
  custom:container-demuxer-webm: 4f35f7cbe854078d1ac9338744f61a02 -> 
  custom:video-encoder-webm-vp8: eb34c28f22e8b96e1ab97ce403110664 -> 
  custom:audio-encoder-webm-vorbis: bf7c407c2cedff20999df2af8eb42d56 -> 
  custom:framework-win-MediaFoundation: 216162199b28c13a410421893ffa2e32 -> 
  custom:container-demuxer-ogg: 62fdf1f143b41e24485cea50d1cbac27 -> 
  custom:video-decoder-webm-vp8: 9c59270c3fd7afecdb556c50c9e8de78 -> 
  custom:audio-decoder-ogg-vorbis: bf7c407c2cedff20999df2af8eb42d56 -> 
========================================================================
Received Import Request.
  Time since last request: 52.901169 seconds.
  path: Assets/Duck/New Folder
  artifactKey: Guid(fe6f0481095c0134ab518fd4e3978da5) Importer(815301076,1909f56bfc062723c751e8b465ee728b)
Start importing Assets/Duck/New Folder using Guid(fe6f0481095c0134ab518fd4e3978da5) Importer(815301076,1909f56bfc062723c751e8b465ee728b)  -> (artifact id: 'e1e7f9ddb14ca764a53ec4cc46a17a8e') in 0.015700 seconds 
========================================================================
Received Import Request.
  Time since last request: 13.037570 seconds.
  path: Assets/Prefab/Player Variant.prefab
  artifactKey: Guid(055cc7b24d3872a43a0109a08ebe879e) Importer(815301076,1909f56bfc062723c751e8b465ee728b)
Start importing Assets/Prefab/Player Variant.prefab using Guid(055cc7b24d3872a43a0109a08ebe879e) Importer(815301076,1909f56bfc062723c751e8b465ee728b)  -> (artifact id: '19dcd875c76038108703d7dcd9a82205') in 0.323677 seconds 
========================================================================
Received Import Request.
  Time since last request: 17.150615 seconds.
  path: Assets/Scenes/PhysicsScene.unity
  artifactKey: Guid(713c625864ed2c64b9b6b8cbf9d0d9d4) Importer(815301076,1909f56bfc062723c751e8b465ee728b)
Start importing Assets/Scenes/PhysicsScene.unity using Guid(713c625864ed2c64b9b6b8cbf9d0d9d4) Importer(815301076,1909f56bfc062723c751e8b465ee728b)  -> (artifact id: 'e92cdb1ea89554c6f696cd000dfc8a76') in 0.005466 seconds 
========================================================================
Received Import Request.
  Time since last request: 183.772075 seconds.
  path: Assets/Duck/Duck_fixed/HDRP/1024/Duck_Model_LP_lambert1_BaseMap.png
  artifactKey: Guid(2db0814699701f345b1b2c5ea8fec40b) Importer(815301076,1909f56bfc062723c751e8b465ee728b)
Start importing Assets/Duck/Duck_fixed/HDRP/1024/Duck_Model_LP_lambert1_BaseMap.png using Guid(2db0814699701f345b1b2c5ea8fec40b) Importer(815301076,1909f56bfc062723c751e8b465ee728b)  -> (artifact id: '492d06e783044a8e0280be615bafc1ca') in 0.025321 seconds 
========================================================================
Received Import Request.
  Time since last request: 11.272676 seconds.
  path: Assets/Duck/Duck_fixed
  artifactKey: Guid(9ef1098a03949154c9b26cba9f9488a1) Importer(815301076,1909f56bfc062723c751e8b465ee728b)
Start importing Assets/Duck/Duck_fixed using Guid(9ef1098a03949154c9b26cba9f9488a1) Importer(815301076,1909f56bfc062723c751e8b465ee728b)  -> (artifact id: 'c142c7070697735266e0638577bfea1a') in 0.006317 seconds 
========================================================================
Received Import Request.
  Time since last request: 0.034659 seconds.
  path: Assets/Duck/Duck_fixed/Duck_Model_LP.fbx
  artifactKey: Guid(ec2dfd808b42dab42aecc18e5b59b39a) Importer(815301076,1909f56bfc062723c751e8b465ee728b)
Start importing Assets/Duck/Duck_fixed/Duck_Model_LP.fbx using Guid(ec2dfd808b42dab42aecc18e5b59b39a) Importer(815301076,1909f56bfc062723c751e8b465ee728b)  -> (artifact id: '289e571e55a99b588bb55f7a2076858b') in 0.239221 seconds 
========================================================================
Received Import Request.
  Time since last request: 0.673399 seconds.
  path: Assets/Duck/Duck_fixed/HDRP
  artifactKey: Guid(fa4e53160c19a3940933f5aca56a7a53) Importer(815301076,1909f56bfc062723c751e8b465ee728b)
Start importing Assets/Duck/Duck_fixed/HDRP using Guid(fa4e53160c19a3940933f5aca56a7a53) Importer(815301076,1909f56bfc062723c751e8b465ee728b)  -> (artifact id: 'e12d5768a127de40c2712ad28da41b0a') in 0.007976 seconds 
========================================================================
Received Import Request.
  Time since last request: 1.512990 seconds.
  path: Assets/Duck/Duck_fixed/HDRP/1024
  artifactKey: Guid(88f5c00bdd3d3264dabbd12a69fa6497) Importer(815301076,1909f56bfc062723c751e8b465ee728b)
Start importing Assets/Duck/Duck_fixed/HDRP/1024 using Guid(88f5c00bdd3d3264dabbd12a69fa6497) Importer(815301076,1909f56bfc062723c751e8b465ee728b)  -> (artifact id: 'a40e9f74e29ae9cf0c748d4819b030c9') in 0.005952 seconds 
========================================================================
Received Import Request.
  Time since last request: 0.074732 seconds.
  path: Assets/Duck/Duck_fixed/HDRP/1024/Duck_Model_LP_lambert1_MaskMap.png
  artifactKey: Guid(0f4d79cdd16e2b9438348997c47d0153) Importer(815301076,1909f56bfc062723c751e8b465ee728b)
Start importing Assets/Duck/Duck_fixed/HDRP/1024/Duck_Model_LP_lambert1_MaskMap.png using Guid(0f4d79cdd16e2b9438348997c47d0153) Importer(815301076,1909f56bfc062723c751e8b465ee728b)  -> (artifact id: '7d635ee8909433ade61d649afe55a67a') in 0.014266 seconds 
========================================================================
Received Import Request.
  Time since last request: 0.000025 seconds.
  path: Assets/Duck/Duck_fixed/HDRP/1024/Duck_Model_LP_lambert1_Specular.png
  artifactKey: Guid(87f671960500ffb47a9987ccfa7b0a12) Importer(815301076,1909f56bfc062723c751e8b465ee728b)
Start importing Assets/Duck/Duck_fixed/HDRP/1024/Duck_Model_LP_lambert1_Specular.png using Guid(87f671960500ffb47a9987ccfa7b0a12) Importer(815301076,1909f56bfc062723c751e8b465ee728b)  -> (artifact id: 'b2f21b127f788ca44af7c10577912ecf') in 0.016640 seconds 
========================================================================
Received Import Request.
  Time since last request: 180.869915 seconds.
  path: Assets/Scenes/Duck
  artifactKey: Guid(5118a5e1a7213884ea78bbb00f046a55) Importer(815301076,1909f56bfc062723c751e8b465ee728b)
Start importing Assets/Scenes/Duck using Guid(5118a5e1a7213884ea78bbb00f046a55) Importer(815301076,1909f56bfc062723c751e8b465ee728b)  -> (artifact id: '116a73e0d72b8dd4ff903727ffc3755d') in 0.006295 seconds 
========================================================================
Received Import Request.
  Time since last request: 0.029903 seconds.
  path: Assets/Scenes/Duck/LightingData.asset
  artifactKey: Guid(ef14c930a4b70704eb9000c7697a3024) Importer(815301076,1909f56bfc062723c751e8b465ee728b)
Start importing Assets/Scenes/Duck/LightingData.asset using Guid(ef14c930a4b70704eb9000c7697a3024) Importer(815301076,1909f56bfc062723c751e8b465ee728b)  -> (artifact id: '392ede617d08f0bdca964517ff9b14b0') in 0.008740 seconds 
========================================================================
Received Import Request.
  Time since last request: 227.905664 seconds.
  path: Assets/Scenes/PhysicsScene.unity
  artifactKey: Guid(713c625864ed2c64b9b6b8cbf9d0d9d4) Importer(815301076,1909f56bfc062723c751e8b465ee728b)
Start importing Assets/Scenes/PhysicsScene.unity using Guid(713c625864ed2c64b9b6b8cbf9d0d9d4) Importer(815301076,1909f56bfc062723c751e8b465ee728b)  -> (artifact id: 'f4915134c5040cfe71cd3a20acf4dfdc') in 0.008421 seconds 
========================================================================
Received Import Request.
  Time since last request: 3.646334 seconds.
  path: Assets/Scenes/PhysicsScene.unity
  artifactKey: Guid(713c625864ed2c64b9b6b8cbf9d0d9d4) Importer(815301076,1909f56bfc062723c751e8b465ee728b)
Start importing Assets/Scenes/PhysicsScene.unity using Guid(713c625864ed2c64b9b6b8cbf9d0d9d4) Importer(815301076,1909f56bfc062723c751e8b465ee728b)  -> (artifact id: '3a3333b6c21ce128c68518241b136879') in 0.002856 seconds 
========================================================================
Received Import Request.
  Time since last request: 5.181656 seconds.
  path: Assets/Prefab/Player Variant.prefab
  artifactKey: Guid(055cc7b24d3872a43a0109a08ebe879e) Importer(815301076,1909f56bfc062723c751e8b465ee728b)
Start importing Assets/Prefab/Player Variant.prefab using Guid(055cc7b24d3872a43a0109a08ebe879e) Importer(815301076,1909f56bfc062723c751e8b465ee728b)  -> (artifact id: '633f83852bf9017ff52f26124669a6e6') in 1.813794 seconds 
========================================================================
Received Import Request.
  Time since last request: 787.483192 seconds.
  path: Assets/Duck/Player Variant.prefab
  artifactKey: Guid(24a74efb1bc44304983bc246e8faaab1) Importer(815301076,1909f56bfc062723c751e8b465ee728b)
Start importing Assets/Duck/Player Variant.prefab using Guid(24a74efb1bc44304983bc246e8faaab1) Importer(815301076,1909f56bfc062723c751e8b465ee728b)  -> (artifact id: 'c2d45283352d5da8eaf81ad99ce4aea7') in 0.062205 seconds 
========================================================================
Received Import Request.
  Time since last request: 30.220459 seconds.
  path: Assets/Duck/Duck_fixed/URP
  artifactKey: Guid(7f556e609b4bc134cb5753f699153148) Importer(815301076,1909f56bfc062723c751e8b465ee728b)
Start importing Assets/Duck/Duck_fixed/URP using Guid(7f556e609b4bc134cb5753f699153148) Importer(815301076,1909f56bfc062723c751e8b465ee728b)  -> (artifact id: '364f5fe1be07d73698b8bc9734846874') in 0.008877 seconds 
========================================================================
Received Import Request.
  Time since last request: 1.006716 seconds.
  path: Assets/Duck/Duck_fixed/URP/1024
  artifactKey: Guid(9615e86cc8b0772478687a375d1a8380) Importer(815301076,1909f56bfc062723c751e8b465ee728b)
Start importing Assets/Duck/Duck_fixed/URP/1024 using Guid(9615e86cc8b0772478687a375d1a8380) Importer(815301076,1909f56bfc062723c751e8b465ee728b)  -> (artifact id: '9d026d3e853b20de3e87534ec862b1d7') in 0.007015 seconds 
========================================================================
Received Import Request.
  Time since last request: 0.042436 seconds.
  path: Assets/Duck/Duck_fixed/URP/1024/Duck_Model_LP_lambert1_AlbedoTransparency.png
  artifactKey: Guid(6ba8e81bae35e5448bde634e5c8daef0) Importer(815301076,1909f56bfc062723c751e8b465ee728b)
Start importing Assets/Duck/Duck_fixed/URP/1024/Duck_Model_LP_lambert1_AlbedoTransparency.png using Guid(6ba8e81bae35e5448bde634e5c8daef0) Importer(815301076,1909f56bfc062723c751e8b465ee728b)  -> (artifact id: 'cf9942b7a2d565c7426c579cfff0a319') in 0.019411 seconds 
========================================================================
Received Import Request.
  Time since last request: 0.000030 seconds.
  path: Assets/Duck/Duck_fixed/URP/1024/Duck_Model_LP_lambert1_SpecularSmoothness.png
  artifactKey: Guid(f4ebee813fcb59b46baa700611174253) Importer(815301076,1909f56bfc062723c751e8b465ee728b)
Start importing Assets/Duck/Duck_fixed/URP/1024/Duck_Model_LP_lambert1_SpecularSmoothness.png using Guid(f4ebee813fcb59b46baa700611174253) Importer(815301076,1909f56bfc062723c751e8b465ee728b)  -> (artifact id: '90f389802196b671bee57ffc8de2d434') in 0.020818 seconds 
========================================================================
Received Import Request.
  Time since last request: 28.723526 seconds.
  path: Assets/Duck/Duck_fixed/URP/1024/Duck_Model_LP_lambert1_Normal.png
  artifactKey: Guid(46d830f0873972b4d9b6eee895758d83) Importer(815301076,1909f56bfc062723c751e8b465ee728b)
Start importing Assets/Duck/Duck_fixed/URP/1024/Duck_Model_LP_lambert1_Normal.png using Guid(46d830f0873972b4d9b6eee895758d83) Importer(815301076,1909f56bfc062723c751e8b465ee728b)  -> (artifact id: 'e57c3b3aed37c30297f542f4291f74c5') in 0.025361 seconds 
========================================================================
Received Prepare
Registering precompiled user dll's ...
Registered in 0.006836 seconds.
Begin MonoManager ReloadAssembly
Symbol file LoadedFromMemory doesn't match image C:\Users\maste\OneDrive\Pictures\GameJam-Projects\Duck\Public_Duck\GruppB_Repository\GruppB\DuckTransportURP\BathTime\Library\PackageCache\com.unity.visualscripting@1.7.8\Editor\VisualScripting.Core\Dependencies\YamlDotNet\Unity.VisualScripting.YamlDotNet.dll
Symbol file LoadedFromMemory doesn't match image C:\Users\maste\OneDrive\Pictures\GameJam-Projects\Duck\Public_Duck\GruppB_Repository\GruppB\DuckTransportURP\BathTime\Library\PackageCache\com.unity.visualscripting@1.7.8\Editor\VisualScripting.Core\Dependencies\DotNetZip\Unity.VisualScripting.IonicZip.dll
Native extension for WindowsStandalone target not found
Native extension for Android target not found
Native extension for WebGL target not found
Refreshing native plugins compatible for Editor in 2.21 ms, found 4 plugins.
Preloading 0 native plugins for Editor in 0.00 ms.
Warning: Annotation not found!
UnityEngine.StackTraceUtility:ExtractStackTrace ()
UnityEditor.ProBuilder.EditorUtility:SetGizmoIconEnabled (System.Type,bool) (at Library/PackageCache/com.unity.probuilder@5.0.3/Editor/EditorCore/EditorUtility.cs:575)
UnityEditor.ProBuilder.HierarchyListener:.cctor () (at Library/PackageCache/com.unity.probuilder@5.0.3/Editor/EditorCore/HierarchyListener.cs:21)
System.Runtime.CompilerServices.RuntimeHelpers:RunClassConstructor (System.RuntimeTypeHandle)
UnityEditor.EditorAssemblies:ProcessInitializeOnLoadAttributes (System.Type[])

[Library/PackageCache/com.unity.probuilder@5.0.3/Editor/EditorCore/EditorUtility.cs line 575]

Mono: successfully reloaded assembly
- Completed reload, in  1.956 seconds
Domain Reload Profiling:
	ReloadAssembly (1957ms)
		BeginReloadAssembly (307ms)
			ExecutionOrderSort (0ms)
			DisableScriptedObjects (25ms)
			BackupInstance (0ms)
			ReleaseScriptingObjects (0ms)
			CreateAndSetChildDomain (130ms)
		EndReloadAssembly (1525ms)
			LoadAssemblies (133ms)
			RebuildTransferFunctionScriptingTraits (0ms)
			SetupTypeCache (415ms)
			ReleaseScriptCaches (4ms)
			RebuildScriptCaches (78ms)
			SetupLoadedEditorAssemblies (737ms)
				LogAssemblyErrors (0ms)
				InitializePlatformSupportModulesInManaged (34ms)
				SetLoadedEditorAssemblies (1ms)
				RefreshPlugins (2ms)
				BeforeProcessingInitializeOnLoad (136ms)
				ProcessInitializeOnLoadAttributes (457ms)
				ProcessInitializeOnLoadMethodAttributes (98ms)
				AfterProcessingInitializeOnLoad (7ms)
				EditorAssembliesLoaded (0ms)
			ExecutionOrderSort2 (0ms)
			AwakeInstancesAfterBackupRestoration (30ms)
Platform modules already initialized, skipping
Refreshing native plugins compatible for Editor in 6.54 ms, found 4 plugins.
Preloading 0 native plugins for Editor in 0.00 ms.
Unloading 6061 Unused Serialized files (Serialized files now loaded: 0)
Unloading 45 unused Assets / (2.2 MB). Loaded Objects now: 6866.
Memory consumption went from 244.6 MB to 242.4 MB.
Total: 8.757500 ms (FindLiveObjects: 0.705600 ms CreateObjectMapping: 0.758100 ms MarkObjects: 6.314100 ms  DeleteObjects: 0.978200 ms)

AssetImportParameters requested are different than current active one (requested -> active):
  custom:video-decoder-ogg-theora: a1e56fd34408186e4bbccfd4996cb3dc -> 
  custom:container-muxer-webm: aa71ff27fc2769a1b78a27578f13a17b -> 
  custom:container-demuxer-webm: 4f35f7cbe854078d1ac9338744f61a02 -> 
  custom:video-encoder-webm-vp8: eb34c28f22e8b96e1ab97ce403110664 -> 
  custom:audio-encoder-webm-vorbis: bf7c407c2cedff20999df2af8eb42d56 -> 
  custom:framework-win-MediaFoundation: 216162199b28c13a410421893ffa2e32 -> 
  custom:container-demuxer-ogg: 62fdf1f143b41e24485cea50d1cbac27 -> 
  custom:video-decoder-webm-vp8: 9c59270c3fd7afecdb556c50c9e8de78 -> 
  custom:audio-decoder-ogg-vorbis: bf7c407c2cedff20999df2af8eb42d56 -> 
========================================================================
Received Prepare
Registering precompiled user dll's ...
Registered in 0.008358 seconds.
Begin MonoManager ReloadAssembly
Symbol file LoadedFromMemory doesn't match image C:\Users\maste\OneDrive\Pictures\GameJam-Projects\Duck\Public_Duck\GruppB_Repository\GruppB\DuckTransportURP\BathTime\Library\PackageCache\com.unity.visualscripting@1.7.8\Editor\VisualScripting.Core\Dependencies\YamlDotNet\Unity.VisualScripting.YamlDotNet.dll
Symbol file LoadedFromMemory doesn't match image C:\Users\maste\OneDrive\Pictures\GameJam-Projects\Duck\Public_Duck\GruppB_Repository\GruppB\DuckTransportURP\BathTime\Library\PackageCache\com.unity.visualscripting@1.7.8\Editor\VisualScripting.Core\Dependencies\DotNetZip\Unity.VisualScripting.IonicZip.dll
Native extension for WindowsStandalone target not found
Native extension for Android target not found
Native extension for WebGL target not found
Refreshing native plugins compatible for Editor in 1.45 ms, found 4 plugins.
Preloading 0 native plugins for Editor in 0.00 ms.
Warning: Annotation not found!
UnityEngine.StackTraceUtility:ExtractStackTrace ()
UnityEditor.ProBuilder.EditorUtility:SetGizmoIconEnabled (System.Type,bool) (at Library/PackageCache/com.unity.probuilder@5.0.3/Editor/EditorCore/EditorUtility.cs:575)
UnityEditor.ProBuilder.HierarchyListener:.cctor () (at Library/PackageCache/com.unity.probuilder@5.0.3/Editor/EditorCore/HierarchyListener.cs:21)
System.Runtime.CompilerServices.RuntimeHelpers:RunClassConstructor (System.RuntimeTypeHandle)
UnityEditor.EditorAssemblies:ProcessInitializeOnLoadAttributes (System.Type[])

[Library/PackageCache/com.unity.probuilder@5.0.3/Editor/EditorCore/EditorUtility.cs line 575]

Mono: successfully reloaded assembly
- Completed reload, in  1.650 seconds
Domain Reload Profiling:
	ReloadAssembly (1651ms)
		BeginReloadAssembly (171ms)
			ExecutionOrderSort (0ms)
			DisableScriptedObjects (7ms)
			BackupInstance (0ms)
			ReleaseScriptingObjects (0ms)
			CreateAndSetChildDomain (46ms)
		EndReloadAssembly (1369ms)
			LoadAssemblies (118ms)
			RebuildTransferFunctionScriptingTraits (0ms)
			SetupTypeCache (348ms)
			ReleaseScriptCaches (3ms)
			RebuildScriptCaches (74ms)
			SetupLoadedEditorAssemblies (720ms)
				LogAssemblyErrors (0ms)
				InitializePlatformSupportModulesInManaged (27ms)
				SetLoadedEditorAssemblies (1ms)
				RefreshPlugins (2ms)
				BeforeProcessingInitializeOnLoad (124ms)
				ProcessInitializeOnLoadAttributes (462ms)
				ProcessInitializeOnLoadMethodAttributes (98ms)
				AfterProcessingInitializeOnLoad (7ms)
				EditorAssembliesLoaded (0ms)
			ExecutionOrderSort2 (0ms)
			AwakeInstancesAfterBackupRestoration (25ms)
Platform modules already initialized, skipping
Refreshing native plugins compatible for Editor in 5.65 ms, found 4 plugins.
Preloading 0 native plugins for Editor in 0.00 ms.
Unloading 6061 Unused Serialized files (Serialized files now loaded: 0)
Unloading 45 unused Assets / (2.2 MB). Loaded Objects now: 6882.
Memory consumption went from 244.7 MB to 242.4 MB.
Total: 9.110200 ms (FindLiveObjects: 1.062900 ms CreateObjectMapping: 0.918700 ms MarkObjects: 6.411300 ms  DeleteObjects: 0.715600 ms)

AssetImportParameters requested are different than current active one (requested -> active):
  custom:video-decoder-ogg-theora: a1e56fd34408186e4bbccfd4996cb3dc -> 
  custom:container-muxer-webm: aa71ff27fc2769a1b78a27578f13a17b -> 
  custom:container-demuxer-webm: 4f35f7cbe854078d1ac9338744f61a02 -> 
  custom:video-encoder-webm-vp8: eb34c28f22e8b96e1ab97ce403110664 -> 
  custom:audio-encoder-webm-vorbis: bf7c407c2cedff20999df2af8eb42d56 -> 
  custom:framework-win-MediaFoundation: 216162199b28c13a410421893ffa2e32 -> 
  custom:container-demuxer-ogg: 62fdf1f143b41e24485cea50d1cbac27 -> 
  custom:video-decoder-webm-vp8: 9c59270c3fd7afecdb556c50c9e8de78 -> 
  custom:audio-decoder-ogg-vorbis: bf7c407c2cedff20999df2af8eb42d56 -> 
========================================================================
Received Import Request.
  Time since last request: 116.683315 seconds.
  path: Assets/Duck/Duck_fixed/URP/1024/Duck_Model_LP.fbx
  artifactKey: Guid(d92f0202da86ed7489c9e19aebce9991) Importer(815301076,1909f56bfc062723c751e8b465ee728b)
Start importing Assets/Duck/Duck_fixed/URP/1024/Duck_Model_LP.fbx using Guid(d92f0202da86ed7489c9e19aebce9991) Importer(815301076,1909f56bfc062723c751e8b465ee728b)  -> (artifact id: '15320194555c2a59a4faee9a6a22f7a0') in 0.230478 seconds 
========================================================================
Received Prepare
Registering precompiled user dll's ...
Registered in 0.007253 seconds.
Begin MonoManager ReloadAssembly
Symbol file LoadedFromMemory doesn't match image C:\Users\maste\OneDrive\Pictures\GameJam-Projects\Duck\Public_Duck\GruppB_Repository\GruppB\DuckTransportURP\BathTime\Library\PackageCache\com.unity.visualscripting@1.7.8\Editor\VisualScripting.Core\Dependencies\YamlDotNet\Unity.VisualScripting.YamlDotNet.dll
Symbol file LoadedFromMemory doesn't match image C:\Users\maste\OneDrive\Pictures\GameJam-Projects\Duck\Public_Duck\GruppB_Repository\GruppB\DuckTransportURP\BathTime\Library\PackageCache\com.unity.visualscripting@1.7.8\Editor\VisualScripting.Core\Dependencies\DotNetZip\Unity.VisualScripting.IonicZip.dll
Native extension for WindowsStandalone target not found
Native extension for Android target not found
Native extension for WebGL target not found
Refreshing native plugins compatible for Editor in 1.30 ms, found 4 plugins.
Preloading 0 native plugins for Editor in 0.00 ms.
Warning: Annotation not found!
UnityEngine.StackTraceUtility:ExtractStackTrace ()
UnityEditor.ProBuilder.EditorUtility:SetGizmoIconEnabled (System.Type,bool) (at Library/PackageCache/com.unity.probuilder@5.0.3/Editor/EditorCore/EditorUtility.cs:575)
UnityEditor.ProBuilder.HierarchyListener:.cctor () (at Library/PackageCache/com.unity.probuilder@5.0.3/Editor/EditorCore/HierarchyListener.cs:21)
System.Runtime.CompilerServices.RuntimeHelpers:RunClassConstructor (System.RuntimeTypeHandle)
UnityEditor.EditorAssemblies:ProcessInitializeOnLoadAttributes (System.Type[])

[Library/PackageCache/com.unity.probuilder@5.0.3/Editor/EditorCore/EditorUtility.cs line 575]

Mono: successfully reloaded assembly
- Completed reload, in  1.550 seconds
Domain Reload Profiling:
	ReloadAssembly (1551ms)
		BeginReloadAssembly (174ms)
			ExecutionOrderSort (0ms)
			DisableScriptedObjects (11ms)
			BackupInstance (0ms)
			ReleaseScriptingObjects (0ms)
			CreateAndSetChildDomain (53ms)
		EndReloadAssembly (1271ms)
			LoadAssemblies (111ms)
			RebuildTransferFunctionScriptingTraits (0ms)
			SetupTypeCache (326ms)
			ReleaseScriptCaches (2ms)
			RebuildScriptCaches (64ms)
			SetupLoadedEditorAssemblies (660ms)
				LogAssemblyErrors (0ms)
				InitializePlatformSupportModulesInManaged (24ms)
				SetLoadedEditorAssemblies (1ms)
				RefreshPlugins (1ms)
				BeforeProcessingInitializeOnLoad (122ms)
				ProcessInitializeOnLoadAttributes (405ms)
				ProcessInitializeOnLoadMethodAttributes (99ms)
				AfterProcessingInitializeOnLoad (9ms)
				EditorAssembliesLoaded (0ms)
			ExecutionOrderSort2 (0ms)
			AwakeInstancesAfterBackupRestoration (32ms)
Platform modules already initialized, skipping
Refreshing native plugins compatible for Editor in 5.33 ms, found 4 plugins.
Preloading 0 native plugins for Editor in 0.00 ms.
Unloading 6060 Unused Serialized files (Serialized files now loaded: 0)
Unloading 45 unused Assets / (2.2 MB). Loaded Objects now: 6939.
Memory consumption went from 244.7 MB to 242.4 MB.
Total: 8.376500 ms (FindLiveObjects: 0.775000 ms CreateObjectMapping: 0.674700 ms MarkObjects: 5.998400 ms  DeleteObjects: 0.926800 ms)

AssetImportParameters requested are different than current active one (requested -> active):
  custom:video-decoder-ogg-theora: a1e56fd34408186e4bbccfd4996cb3dc -> 
  custom:container-muxer-webm: aa71ff27fc2769a1b78a27578f13a17b -> 
  custom:container-demuxer-webm: 4f35f7cbe854078d1ac9338744f61a02 -> 
  custom:video-encoder-webm-vp8: eb34c28f22e8b96e1ab97ce403110664 -> 
  custom:audio-encoder-webm-vorbis: bf7c407c2cedff20999df2af8eb42d56 -> 
  custom:framework-win-MediaFoundation: 216162199b28c13a410421893ffa2e32 -> 
  custom:container-demuxer-ogg: 62fdf1f143b41e24485cea50d1cbac27 -> 
  custom:video-decoder-webm-vp8: 9c59270c3fd7afecdb556c50c9e8de78 -> 
  custom:audio-decoder-ogg-vorbis: bf7c407c2cedff20999df2af8eb42d56 -> 
========================================================================
Received Import Request.
  Time since last request: 84.457842 seconds.
  path: Assets/Duck/Duck_fixed/URP/1024/New Material.mat
  artifactKey: Guid(12186c448b5206742a14d3a9c671d26b) Importer(815301076,1909f56bfc062723c751e8b465ee728b)
Start importing Assets/Duck/Duck_fixed/URP/1024/New Material.mat using Guid(12186c448b5206742a14d3a9c671d26b) Importer(815301076,1909f56bfc062723c751e8b465ee728b)  -> (artifact id: 'e07ea37ead5a1a2df87aad10a231e930') in 1.538965 seconds 
